23-08-2022 14:58:35.254 [Gauge] [INFO] Watching directory: C:\Users\KorayCakir\IdeaProjects\VakifbankStajDenemeSenaryo\specs
23-08-2022 14:58:35.255 [Gauge] [INFO] Initializing concepts cache with 0 concepts
23-08-2022 14:58:35.255 [Gauge] [DEBUG] Found 1 files
23-08-2022 14:58:35.262 [Gauge] [INFO] Initializing specs cache with 1 specs
23-08-2022 14:58:35.263 [Gauge] [DEBUG] Adding specs from C:\Users\KorayCakir\IdeaProjects\VakifbankStajDenemeSenaryo\specs\example.spec
23-08-2022 14:58:35.263 [Gauge] [INFO] Initializing steps cache with 1 steps
23-08-2022 14:58:35.263 [Gauge] [INFO] Gauge daemon initialized and listening on port: 56874
23-08-2022 14:58:35.662 [Gauge] [DEBUG] Api Request Received: messageType:GetLanguagePluginLibPathRequest messageId:5 libPathRequest:<language:"java" > 
23-08-2022 14:58:35.710 [Gauge] [DEBUG] Sending API response: messageType:GetLanguagePluginLibPathResponse messageId:5 libPathResponse:<path:"C:\\Users\\KorayCakir\\AppData\\Roaming\\gauge\\plugins\\java\\0.9.1\\libs" > 
23-08-2022 15:03:05.392 [Gauge] [INFO] Watching directory: C:\Users\KorayCakir\IdeaProjects\VakifbankStajDenemeSenaryo\specs
23-08-2022 15:03:05.392 [Gauge] [DEBUG] Found 1 files
23-08-2022 15:03:05.394 [Gauge] [INFO] Initializing concepts cache with 0 concepts
23-08-2022 15:03:05.395 [Gauge] [INFO] Initializing specs cache with 1 specs
23-08-2022 15:03:05.395 [Gauge] [DEBUG] Adding specs from C:\Users\KorayCakir\IdeaProjects\VakifbankStajDenemeSenaryo\specs\example.spec
23-08-2022 15:03:05.395 [Gauge] [INFO] Initializing steps cache with 1 steps
23-08-2022 15:03:05.395 [Gauge] [INFO] Gauge daemon initialized and listening on port: 57095
23-08-2022 15:07:08.517 [Gauge] [DEBUG] Api Request Received: messageType:GetStepValueRequest messageId:4 stepValueRequest:<stepText:"Go to Gauge Get Started Page" > 
23-08-2022 15:07:08.517 [Gauge] [DEBUG] Sending API response: messageType:GetStepValueResponse messageId:4 stepValueResponse:<stepValue:<stepValue:"Go to Gauge Get Started Page" parameterizedStepValue:"Go to Gauge Get Started Page" > > 
23-08-2022 15:07:08.552 [Gauge] [DEBUG] Api Request Received: messageType:GetStepValueRequest messageId:4 stepValueRequest:<stepText:"Ensure installation instructions are available" > 
23-08-2022 15:07:08.553 [Gauge] [DEBUG] Sending API response: messageType:GetStepValueResponse messageId:4 stepValueResponse:<stepValue:<stepValue:"Ensure installation instructions are available" parameterizedStepValue:"Ensure installation instructions are available" > > 
23-08-2022 15:07:08.579 [Gauge] [DEBUG] Api Request Received: messageType:GetStepValueRequest messageId:4 stepValueRequest:<stepText:"Open the Gauge homepage" > 
23-08-2022 15:07:08.580 [Gauge] [DEBUG] Sending API response: messageType:GetStepValueResponse messageId:4 stepValueResponse:<stepValue:<stepValue:"Open the Gauge homepage" parameterizedStepValue:"Open the Gauge homepage" > > 
23-08-2022 15:14:17.249 [Gauge] [DEBUG] Api Request Received: messageType:GetStepValueRequest messageId:4 stepValueRequest:<stepText:"user clicks Yat\304\261r\304\261m menu" > 
23-08-2022 15:14:17.249 [Gauge] [DEBUG] Sending API response: messageType:GetStepValueResponse messageId:4 stepValueResponse:<stepValue:<stepValue:"user clicks Yat\304\261r\304\261m menu" parameterizedStepValue:"user clicks Yat\304\261r\304\261m menu" > > 
23-08-2022 15:14:17.250 [Gauge] [DEBUG] Api Request Received: messageType:GetStepValueRequest messageId:4 stepValueRequest:<stepText:"Paran\304\261n Al\304\261naca\304\237\304\261 Hesap Komponenti T\304\261klan\304\261r" > 
23-08-2022 15:14:17.250 [Gauge] [DEBUG] Sending API response: messageType:GetStepValueResponse messageId:4 stepValueResponse:<stepValue:<stepValue:"Paran\304\261n Al\304\261naca\304\237\304\261 Hesap Komponenti T\304\261klan\304\261r" parameterizedStepValue:"Paran\304\261n Al\304\261naca\304\237\304\261 Hesap Komponenti T\304\261klan\304\261r" > > 
23-08-2022 15:14:17.251 [Gauge] [DEBUG] Api Request Received: messageType:GetStepValueRequest messageId:4 stepValueRequest:<stepText:"Vadesiz hesaplardan se\303\247im yap\304\261l\304\261r." > 
23-08-2022 15:14:17.251 [Gauge] [DEBUG] Sending API response: messageType:GetStepValueResponse messageId:4 stepValueResponse:<stepValue:<stepValue:"Vadesiz hesaplardan se\303\247im yap\304\261l\304\261r." parameterizedStepValue:"Vadesiz hesaplardan se\303\247im yap\304\261l\304\261r." > > 
23-08-2022 15:14:17.251 [Gauge] [DEBUG] Api Request Received: messageType:GetStepValueRequest messageId:4 stepValueRequest:<stepText:"Paran\304\261n Aktar\304\261laca\304\237\304\261 Hesap alan\304\261 t\304\261klan\304\261r." > 
23-08-2022 15:14:17.251 [Gauge] [DEBUG] Sending API response: messageType:GetStepValueResponse messageId:4 stepValueResponse:<stepValue:<stepValue:"Paran\304\261n Aktar\304\261laca\304\237\304\261 Hesap alan\304\261 t\304\261klan\304\261r." parameterizedStepValue:"Paran\304\261n Aktar\304\261laca\304\237\304\261 Hesap alan\304\261 t\304\261klan\304\261r." > > 
23-08-2022 15:14:17.252 [Gauge] [DEBUG] Api Request Received: messageType:GetStepValueRequest messageId:4 stepValueRequest:<stepText:"Yat\304\261r\304\261m hesaplar\304\261ndan biri t\304\261klan\304\261r." > 
23-08-2022 15:14:17.252 [Gauge] [DEBUG] Sending API response: messageType:GetStepValueResponse messageId:4 stepValueResponse:<stepValue:<stepValue:"Yat\304\261r\304\261m hesaplar\304\261ndan biri t\304\261klan\304\261r." parameterizedStepValue:"Yat\304\261r\304\261m hesaplar\304\261ndan biri t\304\261klan\304\261r." > > 
23-08-2022 15:14:17.252 [Gauge] [DEBUG] Api Request Received: messageType:GetStepValueRequest messageId:4 stepValueRequest:<stepText:"Tutar alan\304\261 t\304\261klan\304\261r." > 
23-08-2022 15:14:17.252 [Gauge] [DEBUG] Sending API response: messageType:GetStepValueResponse messageId:4 stepValueResponse:<stepValue:<stepValue:"Tutar alan\304\261 t\304\261klan\304\261r." parameterizedStepValue:"Tutar alan\304\261 t\304\261klan\304\261r." > > 
23-08-2022 15:14:17.252 [Gauge] [DEBUG] Api Request Received: messageType:GetStepValueRequest messageId:4 stepValueRequest:<stepText:"Tutar girilir." > 
23-08-2022 15:14:17.252 [Gauge] [DEBUG] Sending API response: messageType:GetStepValueResponse messageId:4 stepValueResponse:<stepValue:<stepValue:"Tutar girilir." parameterizedStepValue:"Tutar girilir." > > 
23-08-2022 15:14:17.252 [Gauge] [DEBUG] Api Request Received: messageType:GetStepValueRequest messageId:4 stepValueRequest:<stepText:"A\303\247\304\261klama girilir" > 
23-08-2022 15:14:17.252 [Gauge] [DEBUG] Sending API response: messageType:GetStepValueResponse messageId:4 stepValueResponse:<stepValue:<stepValue:"A\303\247\304\261klama girilir" parameterizedStepValue:"A\303\247\304\261klama girilir" > > 
23-08-2022 15:14:17.253 [Gauge] [DEBUG] Api Request Received: messageType:GetStepValueRequest messageId:4 stepValueRequest:<stepText:"Devam butonu t\304\261klan\304\261r." > 
23-08-2022 15:14:17.253 [Gauge] [DEBUG] Sending API response: messageType:GetStepValueResponse messageId:4 stepValueResponse:<stepValue:<stepValue:"Devam butonu t\304\261klan\304\261r." parameterizedStepValue:"Devam butonu t\304\261klan\304\261r." > > 
23-08-2022 15:14:17.253 [Gauge] [DEBUG] Api Request Received: messageType:GetStepValueRequest messageId:4 stepValueRequest:<stepText:"User Clicks Tum Islemler Tab" > 
23-08-2022 15:14:17.253 [Gauge] [DEBUG] Sending API response: messageType:GetStepValueResponse messageId:4 stepValueResponse:<stepValue:<stepValue:"User Clicks Tum Islemler Tab" parameterizedStepValue:"User Clicks Tum Islemler Tab" > > 
23-08-2022 15:14:17.253 [Gauge] [DEBUG] Api Request Received: messageType:GetStepValueRequest messageId:4 stepValueRequest:<stepText:"user clicks Para Yat\304\261rma" > 
23-08-2022 15:14:17.253 [Gauge] [DEBUG] Sending API response: messageType:GetStepValueResponse messageId:4 stepValueResponse:<stepValue:<stepValue:"user clicks Para Yat\304\261rma" parameterizedStepValue:"user clicks Para Yat\304\261rma" > > 
23-08-2022 15:14:17.253 [Gauge] [DEBUG] Api Request Received: messageType:GetStepValueRequest messageId:4 stepValueRequest:<stepText:"Turn Back" > 
23-08-2022 15:14:17.253 [Gauge] [DEBUG] Sending API response: messageType:GetStepValueResponse messageId:4 stepValueResponse:<stepValue:<stepValue:"Turn Back" parameterizedStepValue:"Turn Back" > > 
23-08-2022 15:14:41.777 [Gauge] [INFO] Spec file added / modified: C:\Users\KorayCakir\IdeaProjects\VakifbankStajDenemeSenaryo\specs\final.spec
23-08-2022 15:15:02.154 [Gauge] [INFO] Spec file removed: C:\Users\KorayCakir\IdeaProjects\VakifbankStajDenemeSenaryo\specs\example.spec
23-08-2022 15:15:18.047 [Gauge] [INFO] Spec file added / modified: C:\Users\KorayCakir\IdeaProjects\VakifbankStajDenemeSenaryo\specs\final.spec
23-08-2022 15:15:18.066 [Gauge] [INFO] Spec file added / modified: C:\Users\KorayCakir\IdeaProjects\VakifbankStajDenemeSenaryo\specs\final.spec
23-08-2022 15:15:18.124 [Gauge] [INFO] Spec file added / modified: C:\Users\KorayCakir\IdeaProjects\VakifbankStajDenemeSenaryo\specs\final.spec
23-08-2022 15:15:18.125 [Gauge] [INFO] Spec file added / modified: C:\Users\KorayCakir\IdeaProjects\VakifbankStajDenemeSenaryo\specs\final.spec
23-08-2022 15:15:19.656 [Gauge] [DEBUG] Api Request Received: messageType:GetStepValueRequest messageId:4 stepValueRequest:<> 
23-08-2022 15:15:19.656 [Gauge] [DEBUG] Sending API response: messageType:GetStepValueResponse messageId:4 stepValueResponse:<stepValue:<> > 
23-08-2022 15:15:20.054 [Gauge] [DEBUG] Api Request Received: messageType:GetAllStepsRequest messageId:2 allStepsRequest:<> 
23-08-2022 15:15:20.054 [Gauge] [DEBUG] Sending API response: messageType:GetAllStepResponse messageId:2 allStepsResponse:<> 
23-08-2022 15:15:20.058 [Gauge] [DEBUG] Api Request Received: messageType:GetAllConceptsRequest messageId:6 allConceptsRequest:<> 
23-08-2022 15:15:20.058 [Gauge] [DEBUG] Sending API response: messageType:GetAllConceptsResponse messageId:6 allConceptsResponse:<> 
23-08-2022 15:15:59.136 [Gauge] [DEBUG] Api Request Received: messageType:GetStepValueRequest messageId:4 stepValueRequest:<stepText:"User fills password fiel" > 
23-08-2022 15:15:59.137 [Gauge] [DEBUG] Sending API response: messageType:GetStepValueResponse messageId:4 stepValueResponse:<stepValue:<stepValue:"User fills password fiel" parameterizedStepValue:"User fills password fiel" > > 
23-08-2022 15:16:00.067 [Gauge] [DEBUG] Api Request Received: messageType:GetStepValueRequest messageId:4 stepValueRequest:<stepText:"User fills password fie" > 
23-08-2022 15:16:00.067 [Gauge] [DEBUG] Sending API response: messageType:GetStepValueResponse messageId:4 stepValueResponse:<stepValue:<stepValue:"User fills password fie" parameterizedStepValue:"User fills password fie" > > 
23-08-2022 15:16:00.378 [Gauge] [DEBUG] Api Request Received: messageType:GetAllStepsRequest messageId:2 allStepsRequest:<> 
23-08-2022 15:16:00.378 [Gauge] [DEBUG] Sending API response: messageType:GetAllStepResponse messageId:2 allStepsResponse:<> 
23-08-2022 15:16:00.378 [Gauge] [DEBUG] Api Request Received: messageType:GetAllConceptsRequest messageId:6 allConceptsRequest:<> 
23-08-2022 15:16:00.378 [Gauge] [DEBUG] Sending API response: messageType:GetAllConceptsResponse messageId:6 allConceptsResponse:<> 
23-08-2022 15:16:13.083 [Gauge] [DEBUG] Api Request Received: messageType:GetStepValueRequest messageId:4 stepValueRequest:<> 
23-08-2022 15:16:13.083 [Gauge] [DEBUG] Sending API response: messageType:GetStepValueResponse messageId:4 stepValueResponse:<stepValue:<> > 
23-08-2022 15:16:13.472 [Gauge] [DEBUG] Api Request Received: messageType:GetStepValueRequest messageId:4 stepValueRequest:<stepText:"U" > 
23-08-2022 15:16:13.473 [Gauge] [DEBUG] Sending API response: messageType:GetStepValueResponse messageId:4 stepValueResponse:<stepValue:<stepValue:"U" parameterizedStepValue:"U" > > 
23-08-2022 15:16:13.488 [Gauge] [DEBUG] Api Request Received: messageType:GetAllStepsRequest messageId:2 allStepsRequest:<> 
23-08-2022 15:16:13.488 [Gauge] [DEBUG] Sending API response: messageType:GetAllStepResponse messageId:2 allStepsResponse:<> 
23-08-2022 15:16:13.489 [Gauge] [DEBUG] Api Request Received: messageType:GetAllConceptsRequest messageId:6 allConceptsRequest:<> 
23-08-2022 15:16:13.489 [Gauge] [DEBUG] Sending API response: messageType:GetAllConceptsResponse messageId:6 allConceptsResponse:<> 
23-08-2022 15:16:13.635 [Gauge] [DEBUG] Api Request Received: messageType:GetStepValueRequest messageId:4 stepValueRequest:<stepText:"Us" > 
23-08-2022 15:16:13.636 [Gauge] [DEBUG] Sending API response: messageType:GetStepValueResponse messageId:4 stepValueResponse:<stepValue:<stepValue:"Us" parameterizedStepValue:"Us" > > 
23-08-2022 15:16:13.833 [Gauge] [DEBUG] Api Request Received: messageType:GetStepValueRequest messageId:4 stepValueRequest:<stepText:"Use" > 
23-08-2022 15:16:13.833 [Gauge] [DEBUG] Sending API response: messageType:GetStepValueResponse messageId:4 stepValueResponse:<stepValue:<stepValue:"Use" parameterizedStepValue:"Use" > > 
23-08-2022 15:16:13.993 [Gauge] [DEBUG] Api Request Received: messageType:GetStepValueRequest messageId:4 stepValueRequest:<stepText:"User" > 
23-08-2022 15:16:13.993 [Gauge] [DEBUG] Sending API response: messageType:GetStepValueResponse messageId:4 stepValueResponse:<stepValue:<stepValue:"User" parameterizedStepValue:"User" > > 
23-08-2022 15:16:15.836 [Gauge] [INFO] Spec file added / modified: C:\Users\KorayCakir\IdeaProjects\VakifbankStajDenemeSenaryo\specs\final.spec
23-08-2022 15:16:15.838 [Gauge] [INFO] Spec file added / modified: C:\Users\KorayCakir\IdeaProjects\VakifbankStajDenemeSenaryo\specs\final.spec
23-08-2022 15:16:17.151 [Gauge] [DEBUG] Api Request Received: messageType:GetStepValueRequest messageId:4 stepValueRequest:<> 
23-08-2022 15:16:17.151 [Gauge] [DEBUG] Sending API response: messageType:GetStepValueResponse messageId:4 stepValueResponse:<stepValue:<> > 
23-08-2022 15:16:17.242 [Gauge] [DEBUG] Api Request Received: messageType:GetAllStepsRequest messageId:2 allStepsRequest:<> 
23-08-2022 15:16:17.242 [Gauge] [DEBUG] Sending API response: messageType:GetAllStepResponse messageId:2 allStepsResponse:<allSteps:<stepValue:"User fills password field" parameterizedStepValue:"User fills password field" > allSteps:<stepValue:"User Clicks Tum Islemler Tab" parameterizedStepValue:"User Clicks Tum Islemler Tab" > > 
23-08-2022 15:16:17.242 [Gauge] [DEBUG] Api Request Received: messageType:GetAllConceptsRequest messageId:6 allConceptsRequest:<> 
23-08-2022 15:16:17.242 [Gauge] [DEBUG] Sending API response: messageType:GetAllConceptsResponse messageId:6 allConceptsResponse:<> 
23-08-2022 15:16:21.472 [Gauge] [INFO] Spec file added / modified: C:\Users\KorayCakir\IdeaProjects\VakifbankStajDenemeSenaryo\specs\final.spec
23-08-2022 15:16:21.491 [Gauge] [INFO] Spec file added / modified: C:\Users\KorayCakir\IdeaProjects\VakifbankStajDenemeSenaryo\specs\final.spec
23-08-2022 15:16:22.909 [Gauge] [DEBUG] Api Request Received: messageType:GetStepValueRequest messageId:4 stepValueRequest:<> 
23-08-2022 15:16:22.909 [Gauge] [DEBUG] Sending API response: messageType:GetStepValueResponse messageId:4 stepValueResponse:<stepValue:<> > 
23-08-2022 15:16:23.053 [Gauge] [DEBUG] Api Request Received: messageType:GetAllStepsRequest messageId:2 allStepsRequest:<> 
23-08-2022 15:16:23.053 [Gauge] [DEBUG] Sending API response: messageType:GetAllStepResponse messageId:2 allStepsResponse:<allSteps:<stepValue:"User Clicks Tum Islemler Tab" parameterizedStepValue:"User Clicks Tum Islemler Tab" > allSteps:<stepValue:"user clicks Yat\304\261r\304\261m menu" parameterizedStepValue:"user clicks Yat\304\261r\304\261m menu" > allSteps:<stepValue:"User fills password field" parameterizedStepValue:"User fills password field" > > 
23-08-2022 15:16:23.053 [Gauge] [DEBUG] Api Request Received: messageType:GetAllConceptsRequest messageId:6 allConceptsRequest:<> 
23-08-2022 15:16:23.053 [Gauge] [DEBUG] Sending API response: messageType:GetAllConceptsResponse messageId:6 allConceptsResponse:<> 
23-08-2022 15:16:26.802 [Gauge] [INFO] Spec file added / modified: C:\Users\KorayCakir\IdeaProjects\VakifbankStajDenemeSenaryo\specs\final.spec
23-08-2022 15:16:26.803 [Gauge] [INFO] Spec file added / modified: C:\Users\KorayCakir\IdeaProjects\VakifbankStajDenemeSenaryo\specs\final.spec
23-08-2022 15:16:39.673 [Gauge] [DEBUG] Api Request Received: messageType:GetStepValueRequest messageId:4 stepValueRequest:<> 
23-08-2022 15:16:39.673 [Gauge] [DEBUG] Sending API response: messageType:GetStepValueResponse messageId:4 stepValueResponse:<stepValue:<> > 
23-08-2022 15:16:41.053 [Gauge] [DEBUG] Api Request Received: messageType:GetStepValueRequest messageId:4 stepValueRequest:<stepText:"Paran\304\261n Al\304\261naca\304\237\304\261 Hesap Komponenti T\304\261klan\304\261" > 
23-08-2022 15:16:41.053 [Gauge] [DEBUG] Sending API response: messageType:GetStepValueResponse messageId:4 stepValueResponse:<stepValue:<stepValue:"Paran\304\261n Al\304\261naca\304\237\304\261 Hesap Komponenti T\304\261klan\304\261" parameterizedStepValue:"Paran\304\261n Al\304\261naca\304\237\304\261 Hesap Komponenti T\304\261klan\304\261" > > 
23-08-2022 15:16:41.272 [Gauge] [DEBUG] Api Request Received: messageType:GetStepValueRequest messageId:4 stepValueRequest:<stepText:"Paran\304\261n Al\304\261naca\304\237\304\261 Hesap Komponenti T\304\261klan" > 
23-08-2022 15:16:41.273 [Gauge] [DEBUG] Sending API response: messageType:GetStepValueResponse messageId:4 stepValueResponse:<stepValue:<stepValue:"Paran\304\261n Al\304\261naca\304\237\304\261 Hesap Komponenti T\304\261klan" parameterizedStepValue:"Paran\304\261n Al\304\261naca\304\237\304\261 Hesap Komponenti T\304\261klan" > > 
23-08-2022 15:16:41.802 [Gauge] [DEBUG] Api Request Received: messageType:GetAllStepsRequest messageId:2 allStepsRequest:<> 
23-08-2022 15:16:41.802 [Gauge] [DEBUG] Sending API response: messageType:GetAllStepResponse messageId:2 allStepsResponse:<allSteps:<stepValue:"User fills password field" parameterizedStepValue:"User fills password field" > allSteps:<stepValue:"User Clicks Tum Islemler Tab" parameterizedStepValue:"User Clicks Tum Islemler Tab" > allSteps:<stepValue:"user clicks Yat\304\261r\304\261m menu" parameterizedStepValue:"user clicks Yat\304\261r\304\261m menu" > allSteps:<stepValue:"user clicks Para Yat\304\261rma" parameterizedStepValue:"user clicks Para Yat\304\261rma" > > 
23-08-2022 15:16:41.802 [Gauge] [DEBUG] Api Request Received: messageType:GetAllConceptsRequest messageId:6 allConceptsRequest:<> 
23-08-2022 15:16:41.802 [Gauge] [DEBUG] Sending API response: messageType:GetAllConceptsResponse messageId:6 allConceptsResponse:<> 
23-08-2022 15:16:44.669 [Gauge] [DEBUG] Api Request Received: messageType:GetStepValueRequest messageId:4 stepValueRequest:<> 
23-08-2022 15:16:44.669 [Gauge] [DEBUG] Sending API response: messageType:GetStepValueResponse messageId:4 stepValueResponse:<stepValue:<> > 
23-08-2022 15:16:45.969 [Gauge] [DEBUG] Api Request Received: messageType:GetStepValueRequest messageId:4 stepValueRequest:<> 
23-08-2022 15:16:45.969 [Gauge] [DEBUG] Sending API response: messageType:GetStepValueResponse messageId:4 stepValueResponse:<stepValue:<> > 
23-08-2022 15:16:45.972 [Gauge] [DEBUG] Api Request Received: messageType:GetStepValueRequest messageId:4 stepValueRequest:<> 
23-08-2022 15:16:45.972 [Gauge] [DEBUG] Sending API response: messageType:GetStepValueResponse messageId:4 stepValueResponse:<stepValue:<> > 
23-08-2022 15:16:45.980 [Gauge] [DEBUG] Api Request Received: messageType:GetStepValueRequest messageId:4 stepValueRequest:<> 
23-08-2022 15:16:45.980 [Gauge] [DEBUG] Sending API response: messageType:GetStepValueResponse messageId:4 stepValueResponse:<stepValue:<> > 
23-08-2022 15:16:45.981 [Gauge] [DEBUG] Api Request Received: messageType:GetStepValueRequest messageId:4 stepValueRequest:<> 
23-08-2022 15:16:45.982 [Gauge] [DEBUG] Sending API response: messageType:GetStepValueResponse messageId:4 stepValueResponse:<stepValue:<> > 
23-08-2022 15:16:45.984 [Gauge] [DEBUG] Api Request Received: messageType:GetStepValueRequest messageId:4 stepValueRequest:<> 
23-08-2022 15:16:45.984 [Gauge] [DEBUG] Sending API response: messageType:GetStepValueResponse messageId:4 stepValueResponse:<stepValue:<> > 
23-08-2022 15:16:45.986 [Gauge] [DEBUG] Api Request Received: messageType:GetStepValueRequest messageId:4 stepValueRequest:<> 
23-08-2022 15:16:45.986 [Gauge] [DEBUG] Sending API response: messageType:GetStepValueResponse messageId:4 stepValueResponse:<stepValue:<> > 
23-08-2022 15:16:45.988 [Gauge] [DEBUG] Api Request Received: messageType:GetStepValueRequest messageId:4 stepValueRequest:<> 
23-08-2022 15:16:45.988 [Gauge] [DEBUG] Sending API response: messageType:GetStepValueResponse messageId:4 stepValueResponse:<stepValue:<> > 
23-08-2022 15:16:45.990 [Gauge] [DEBUG] Api Request Received: messageType:GetStepValueRequest messageId:4 stepValueRequest:<> 
23-08-2022 15:16:45.990 [Gauge] [DEBUG] Sending API response: messageType:GetStepValueResponse messageId:4 stepValueResponse:<stepValue:<> > 
23-08-2022 15:16:45.993 [Gauge] [DEBUG] Api Request Received: messageType:GetStepValueRequest messageId:4 stepValueRequest:<> 
23-08-2022 15:16:45.993 [Gauge] [DEBUG] Sending API response: messageType:GetStepValueResponse messageId:4 stepValueResponse:<stepValue:<> > 
23-08-2022 15:16:45.995 [Gauge] [DEBUG] Api Request Received: messageType:GetStepValueRequest messageId:4 stepValueRequest:<> 
23-08-2022 15:16:45.996 [Gauge] [DEBUG] Sending API response: messageType:GetStepValueResponse messageId:4 stepValueResponse:<stepValue:<> > 
23-08-2022 15:16:45.999 [Gauge] [DEBUG] Api Request Received: messageType:GetStepValueRequest messageId:4 stepValueRequest:<> 
23-08-2022 15:16:45.999 [Gauge] [DEBUG] Sending API response: messageType:GetStepValueResponse messageId:4 stepValueResponse:<stepValue:<> > 
23-08-2022 15:16:46.001 [Gauge] [DEBUG] Api Request Received: messageType:GetStepValueRequest messageId:4 stepValueRequest:<> 
23-08-2022 15:16:46.001 [Gauge] [DEBUG] Sending API response: messageType:GetStepValueResponse messageId:4 stepValueResponse:<stepValue:<> > 
23-08-2022 15:16:46.002 [Gauge] [DEBUG] Api Request Received: messageType:GetStepValueRequest messageId:4 stepValueRequest:<> 
23-08-2022 15:16:46.002 [Gauge] [DEBUG] Sending API response: messageType:GetStepValueResponse messageId:4 stepValueResponse:<stepValue:<> > 
23-08-2022 15:16:46.004 [Gauge] [DEBUG] Api Request Received: messageType:GetStepValueRequest messageId:4 stepValueRequest:<> 
23-08-2022 15:16:46.004 [Gauge] [DEBUG] Sending API response: messageType:GetStepValueResponse messageId:4 stepValueResponse:<stepValue:<> > 
23-08-2022 15:16:46.006 [Gauge] [DEBUG] Api Request Received: messageType:GetStepValueRequest messageId:4 stepValueRequest:<> 
23-08-2022 15:16:46.006 [Gauge] [DEBUG] Sending API response: messageType:GetStepValueResponse messageId:4 stepValueResponse:<stepValue:<> > 
23-08-2022 15:16:49.082 [Gauge] [DEBUG] Api Request Received: messageType:GetStepValueRequest messageId:4 stepValueRequest:<stepText:"Vadesiz hesaplardan se\303\247im yap\304\261l\304\261r" > 
23-08-2022 15:16:49.082 [Gauge] [DEBUG] Sending API response: messageType:GetStepValueResponse messageId:4 stepValueResponse:<stepValue:<stepValue:"Vadesiz hesaplardan se\303\247im yap\304\261l\304\261r" parameterizedStepValue:"Vadesiz hesaplardan se\303\247im yap\304\261l\304\261r" > > 
23-08-2022 15:16:50.518 [Gauge] [DEBUG] Api Request Received: messageType:GetAllStepsRequest messageId:2 allStepsRequest:<> 
23-08-2022 15:16:50.518 [Gauge] [DEBUG] Sending API response: messageType:GetAllStepResponse messageId:2 allStepsResponse:<allSteps:<stepValue:"user clicks Para Yat\304\261rma" parameterizedStepValue:"user clicks Para Yat\304\261rma" > allSteps:<stepValue:"User fills password field" parameterizedStepValue:"User fills password field" > allSteps:<stepValue:"User Clicks Tum Islemler Tab" parameterizedStepValue:"User Clicks Tum Islemler Tab" > allSteps:<stepValue:"user clicks Yat\304\261r\304\261m menu" parameterizedStepValue:"user clicks Yat\304\261r\304\261m menu" > > 
23-08-2022 15:16:50.519 [Gauge] [DEBUG] Api Request Received: messageType:GetAllConceptsRequest messageId:6 allConceptsRequest:<> 
23-08-2022 15:16:50.519 [Gauge] [DEBUG] Sending API response: messageType:GetAllConceptsResponse messageId:6 allConceptsResponse:<> 
23-08-2022 15:16:51.357 [Gauge] [INFO] Spec file added / modified: C:\Users\KorayCakir\IdeaProjects\VakifbankStajDenemeSenaryo\specs\final.spec
23-08-2022 15:16:51.364 [Gauge] [INFO] Spec file added / modified: C:\Users\KorayCakir\IdeaProjects\VakifbankStajDenemeSenaryo\specs\final.spec
23-08-2022 15:16:58.998 [Gauge] [INFO] Spec file added / modified: C:\Users\KorayCakir\IdeaProjects\VakifbankStajDenemeSenaryo\specs\final.spec
23-08-2022 15:16:59.012 [Gauge] [INFO] Spec file added / modified: C:\Users\KorayCakir\IdeaProjects\VakifbankStajDenemeSenaryo\specs\final.spec
23-08-2022 15:17:08.795 [Gauge] [INFO] Spec file added / modified: C:\Users\KorayCakir\IdeaProjects\VakifbankStajDenemeSenaryo\specs\final.spec
23-08-2022 15:17:08.797 [Gauge] [INFO] Spec file added / modified: C:\Users\KorayCakir\IdeaProjects\VakifbankStajDenemeSenaryo\specs\final.spec
23-08-2022 15:17:09.869 [Gauge] [DEBUG] Api Request Received: messageType:GetStepValueRequest messageId:4 stepValueRequest:<> 
23-08-2022 15:17:09.869 [Gauge] [DEBUG] Sending API response: messageType:GetStepValueResponse messageId:4 stepValueResponse:<stepValue:<> > 
23-08-2022 15:17:10.899 [Gauge] [DEBUG] Api Request Received: messageType:GetStepValueRequest messageId:4 stepValueRequest:<> 
23-08-2022 15:17:10.899 [Gauge] [DEBUG] Sending API response: messageType:GetStepValueResponse messageId:4 stepValueResponse:<stepValue:<> > 
23-08-2022 15:17:10.901 [Gauge] [DEBUG] Api Request Received: messageType:GetStepValueRequest messageId:4 stepValueRequest:<> 
23-08-2022 15:17:10.901 [Gauge] [DEBUG] Sending API response: messageType:GetStepValueResponse messageId:4 stepValueResponse:<stepValue:<> > 
23-08-2022 15:17:10.903 [Gauge] [DEBUG] Api Request Received: messageType:GetStepValueRequest messageId:4 stepValueRequest:<> 
23-08-2022 15:17:10.903 [Gauge] [DEBUG] Sending API response: messageType:GetStepValueResponse messageId:4 stepValueResponse:<stepValue:<> > 
23-08-2022 15:17:10.905 [Gauge] [DEBUG] Api Request Received: messageType:GetStepValueRequest messageId:4 stepValueRequest:<> 
23-08-2022 15:17:10.905 [Gauge] [DEBUG] Sending API response: messageType:GetStepValueResponse messageId:4 stepValueResponse:<stepValue:<> > 
23-08-2022 15:17:10.906 [Gauge] [DEBUG] Api Request Received: messageType:GetStepValueRequest messageId:4 stepValueRequest:<> 
23-08-2022 15:17:10.906 [Gauge] [DEBUG] Sending API response: messageType:GetStepValueResponse messageId:4 stepValueResponse:<stepValue:<> > 
23-08-2022 15:17:10.908 [Gauge] [DEBUG] Api Request Received: messageType:GetStepValueRequest messageId:4 stepValueRequest:<> 
23-08-2022 15:17:10.908 [Gauge] [DEBUG] Sending API response: messageType:GetStepValueResponse messageId:4 stepValueResponse:<stepValue:<> > 
23-08-2022 15:17:10.910 [Gauge] [DEBUG] Api Request Received: messageType:GetStepValueRequest messageId:4 stepValueRequest:<> 
23-08-2022 15:17:10.910 [Gauge] [DEBUG] Sending API response: messageType:GetStepValueResponse messageId:4 stepValueResponse:<stepValue:<> > 
23-08-2022 15:17:10.912 [Gauge] [DEBUG] Api Request Received: messageType:GetStepValueRequest messageId:4 stepValueRequest:<> 
23-08-2022 15:17:10.912 [Gauge] [DEBUG] Sending API response: messageType:GetStepValueResponse messageId:4 stepValueResponse:<stepValue:<> > 
23-08-2022 15:17:10.914 [Gauge] [DEBUG] Api Request Received: messageType:GetStepValueRequest messageId:4 stepValueRequest:<> 
23-08-2022 15:17:10.914 [Gauge] [DEBUG] Sending API response: messageType:GetStepValueResponse messageId:4 stepValueResponse:<stepValue:<> > 
23-08-2022 15:17:10.916 [Gauge] [DEBUG] Api Request Received: messageType:GetStepValueRequest messageId:4 stepValueRequest:<> 
23-08-2022 15:17:10.916 [Gauge] [DEBUG] Sending API response: messageType:GetStepValueResponse messageId:4 stepValueResponse:<stepValue:<> > 
23-08-2022 15:17:10.918 [Gauge] [DEBUG] Api Request Received: messageType:GetStepValueRequest messageId:4 stepValueRequest:<> 
23-08-2022 15:17:10.918 [Gauge] [DEBUG] Sending API response: messageType:GetStepValueResponse messageId:4 stepValueResponse:<stepValue:<> > 
23-08-2022 15:17:10.919 [Gauge] [DEBUG] Api Request Received: messageType:GetStepValueRequest messageId:4 stepValueRequest:<> 
23-08-2022 15:17:10.920 [Gauge] [DEBUG] Sending API response: messageType:GetStepValueResponse messageId:4 stepValueResponse:<stepValue:<> > 
23-08-2022 15:17:15.356 [Gauge] [INFO] Spec file added / modified: C:\Users\KorayCakir\IdeaProjects\VakifbankStajDenemeSenaryo\specs\final.spec
23-08-2022 15:17:15.368 [Gauge] [INFO] Spec file added / modified: C:\Users\KorayCakir\IdeaProjects\VakifbankStajDenemeSenaryo\specs\final.spec
23-08-2022 15:17:16.265 [Gauge] [DEBUG] Api Request Received: messageType:GetStepValueRequest messageId:4 stepValueRequest:<> 
23-08-2022 15:17:16.265 [Gauge] [DEBUG] Sending API response: messageType:GetStepValueResponse messageId:4 stepValueResponse:<stepValue:<> > 
23-08-2022 15:17:17.062 [Gauge] [DEBUG] Api Request Received: messageType:GetStepValueRequest messageId:4 stepValueRequest:<> 
23-08-2022 15:17:17.062 [Gauge] [DEBUG] Sending API response: messageType:GetStepValueResponse messageId:4 stepValueResponse:<stepValue:<> > 
23-08-2022 15:17:17.063 [Gauge] [DEBUG] Api Request Received: messageType:GetStepValueRequest messageId:4 stepValueRequest:<> 
23-08-2022 15:17:17.064 [Gauge] [DEBUG] Sending API response: messageType:GetStepValueResponse messageId:4 stepValueResponse:<stepValue:<> > 
23-08-2022 15:17:17.065 [Gauge] [DEBUG] Api Request Received: messageType:GetStepValueRequest messageId:4 stepValueRequest:<> 
23-08-2022 15:17:17.065 [Gauge] [DEBUG] Sending API response: messageType:GetStepValueResponse messageId:4 stepValueResponse:<stepValue:<> > 
23-08-2022 15:17:17.066 [Gauge] [DEBUG] Api Request Received: messageType:GetStepValueRequest messageId:4 stepValueRequest:<> 
23-08-2022 15:17:17.066 [Gauge] [DEBUG] Sending API response: messageType:GetStepValueResponse messageId:4 stepValueResponse:<stepValue:<> > 
23-08-2022 15:17:17.067 [Gauge] [DEBUG] Api Request Received: messageType:GetStepValueRequest messageId:4 stepValueRequest:<> 
23-08-2022 15:17:17.068 [Gauge] [DEBUG] Sending API response: messageType:GetStepValueResponse messageId:4 stepValueResponse:<stepValue:<> > 
23-08-2022 15:17:17.069 [Gauge] [DEBUG] Api Request Received: messageType:GetStepValueRequest messageId:4 stepValueRequest:<> 
23-08-2022 15:17:17.069 [Gauge] [DEBUG] Sending API response: messageType:GetStepValueResponse messageId:4 stepValueResponse:<stepValue:<> > 
23-08-2022 15:17:17.073 [Gauge] [DEBUG] Api Request Received: messageType:GetStepValueRequest messageId:4 stepValueRequest:<> 
23-08-2022 15:17:17.073 [Gauge] [DEBUG] Sending API response: messageType:GetStepValueResponse messageId:4 stepValueResponse:<stepValue:<> > 
23-08-2022 15:17:17.074 [Gauge] [DEBUG] Api Request Received: messageType:GetStepValueRequest messageId:4 stepValueRequest:<> 
23-08-2022 15:17:17.074 [Gauge] [DEBUG] Sending API response: messageType:GetStepValueResponse messageId:4 stepValueResponse:<stepValue:<> > 
23-08-2022 15:17:17.076 [Gauge] [DEBUG] Api Request Received: messageType:GetStepValueRequest messageId:4 stepValueRequest:<> 
23-08-2022 15:17:17.076 [Gauge] [DEBUG] Sending API response: messageType:GetStepValueResponse messageId:4 stepValueResponse:<stepValue:<> > 
23-08-2022 15:17:17.077 [Gauge] [DEBUG] Api Request Received: messageType:GetStepValueRequest messageId:4 stepValueRequest:<> 
23-08-2022 15:17:17.077 [Gauge] [DEBUG] Sending API response: messageType:GetStepValueResponse messageId:4 stepValueResponse:<stepValue:<> > 
23-08-2022 15:17:17.079 [Gauge] [DEBUG] Api Request Received: messageType:GetStepValueRequest messageId:4 stepValueRequest:<> 
23-08-2022 15:17:17.079 [Gauge] [DEBUG] Sending API response: messageType:GetStepValueResponse messageId:4 stepValueResponse:<stepValue:<> > 
23-08-2022 15:17:21.909 [Gauge] [INFO] Spec file added / modified: C:\Users\KorayCakir\IdeaProjects\VakifbankStajDenemeSenaryo\specs\final.spec
23-08-2022 15:17:21.916 [Gauge] [INFO] Spec file added / modified: C:\Users\KorayCakir\IdeaProjects\VakifbankStajDenemeSenaryo\specs\final.spec
23-08-2022 15:17:24.020 [Gauge] [DEBUG] Api Request Received: messageType:GetStepValueRequest messageId:4 stepValueRequest:<> 
23-08-2022 15:17:24.020 [Gauge] [DEBUG] Sending API response: messageType:GetStepValueResponse messageId:4 stepValueResponse:<stepValue:<> > 
23-08-2022 15:17:24.602 [Gauge] [DEBUG] Api Request Received: messageType:GetStepValueRequest messageId:4 stepValueRequest:<> 
23-08-2022 15:17:24.602 [Gauge] [DEBUG] Sending API response: messageType:GetStepValueResponse messageId:4 stepValueResponse:<stepValue:<> > 
23-08-2022 15:17:24.604 [Gauge] [DEBUG] Api Request Received: messageType:GetStepValueRequest messageId:4 stepValueRequest:<> 
23-08-2022 15:17:24.604 [Gauge] [DEBUG] Sending API response: messageType:GetStepValueResponse messageId:4 stepValueResponse:<stepValue:<> > 
23-08-2022 15:17:24.606 [Gauge] [DEBUG] Api Request Received: messageType:GetStepValueRequest messageId:4 stepValueRequest:<> 
23-08-2022 15:17:24.606 [Gauge] [DEBUG] Sending API response: messageType:GetStepValueResponse messageId:4 stepValueResponse:<stepValue:<> > 
23-08-2022 15:17:24.607 [Gauge] [DEBUG] Api Request Received: messageType:GetStepValueRequest messageId:4 stepValueRequest:<> 
23-08-2022 15:17:24.607 [Gauge] [DEBUG] Sending API response: messageType:GetStepValueResponse messageId:4 stepValueResponse:<stepValue:<> > 
23-08-2022 15:17:24.609 [Gauge] [DEBUG] Api Request Received: messageType:GetStepValueRequest messageId:4 stepValueRequest:<> 
23-08-2022 15:17:24.609 [Gauge] [DEBUG] Sending API response: messageType:GetStepValueResponse messageId:4 stepValueResponse:<stepValue:<> > 
23-08-2022 15:17:24.610 [Gauge] [DEBUG] Api Request Received: messageType:GetStepValueRequest messageId:4 stepValueRequest:<> 
23-08-2022 15:17:24.610 [Gauge] [DEBUG] Sending API response: messageType:GetStepValueResponse messageId:4 stepValueResponse:<stepValue:<> > 
23-08-2022 15:17:24.611 [Gauge] [DEBUG] Api Request Received: messageType:GetStepValueRequest messageId:4 stepValueRequest:<> 
23-08-2022 15:17:24.611 [Gauge] [DEBUG] Sending API response: messageType:GetStepValueResponse messageId:4 stepValueResponse:<stepValue:<> > 
23-08-2022 15:17:24.614 [Gauge] [DEBUG] Api Request Received: messageType:GetStepValueRequest messageId:4 stepValueRequest:<> 
23-08-2022 15:17:24.614 [Gauge] [DEBUG] Sending API response: messageType:GetStepValueResponse messageId:4 stepValueResponse:<stepValue:<> > 
23-08-2022 15:17:24.616 [Gauge] [DEBUG] Api Request Received: messageType:GetStepValueRequest messageId:4 stepValueRequest:<> 
23-08-2022 15:17:24.616 [Gauge] [DEBUG] Sending API response: messageType:GetStepValueResponse messageId:4 stepValueResponse:<stepValue:<> > 
23-08-2022 15:17:24.617 [Gauge] [DEBUG] Api Request Received: messageType:GetStepValueRequest messageId:4 stepValueRequest:<> 
23-08-2022 15:17:24.617 [Gauge] [DEBUG] Sending API response: messageType:GetStepValueResponse messageId:4 stepValueResponse:<stepValue:<> > 
23-08-2022 15:17:32.977 [Gauge] [DEBUG] Api Request Received: messageType:GetAllStepsRequest messageId:2 allStepsRequest:<> 
23-08-2022 15:17:32.977 [Gauge] [DEBUG] Sending API response: messageType:GetAllStepResponse messageId:2 allStepsResponse:<allSteps:<stepValue:"Yat\304\261r\304\261m hesaplar\304\261ndan biri t\304\261klan\304\261r." parameterizedStepValue:"Yat\304\261r\304\261m hesaplar\304\261ndan biri t\304\261klan\304\261r." > allSteps:<stepValue:"Tutar girilir." parameterizedStepValue:"Tutar girilir." > allSteps:<stepValue:"User fills password field" parameterizedStepValue:"User fills password field" > allSteps:<stepValue:"user clicks Yat\304\261r\304\261m menu" parameterizedStepValue:"user clicks Yat\304\261r\304\261m menu" > allSteps:<stepValue:"Vadesiz hesaplardan se\303\247im yap\304\261l\304\261r." parameterizedStepValue:"Vadesiz hesaplardan se\303\247im yap\304\261l\304\261r." > allSteps:<stepValue:"Paran\304\261n Aktar\304\261laca\304\237\304\261 Hesap alan\304\261 t\304\261klan\304\261r." parameterizedStepValue:"Paran\304\261n Aktar\304\261laca\304\237\304\261 Hesap alan\304\261 t\304\261klan\304\261r." > allSteps:<stepValue:"User Clicks Tum Islemler Tab" parameterizedStepValue:"User Clicks Tum Islemler Tab" > allSteps:<stepValue:"user clicks Para Yat\304\261rma" parameterizedStepValue:"user clicks Para Yat\304\261rma" > allSteps:<stepValue:"Paran\304\261n Al\304\261naca\304\237\304\261 Hesap Komponenti T\304\261klan\304\261r" parameterizedStepValue:"Paran\304\261n Al\304\261naca\304\237\304\261 Hesap Komponenti T\304\261klan\304\261r" > allSteps:<stepValue:"Tutar alan\304\261 t\304\261klan\304\261r." parameterizedStepValue:"Tutar alan\304\261 t\304\261klan\304\261r." > > 
23-08-2022 15:17:32.978 [Gauge] [DEBUG] Api Request Received: messageType:GetAllConceptsRequest messageId:6 allConceptsRequest:<> 
23-08-2022 15:17:32.978 [Gauge] [DEBUG] Sending API response: messageType:GetAllConceptsResponse messageId:6 allConceptsResponse:<> 
23-08-2022 15:17:32.980 [Gauge] [DEBUG] Api Request Received: messageType:GetAllStepsRequest messageId:2 allStepsRequest:<> 
23-08-2022 15:17:32.980 [Gauge] [DEBUG] Sending API response: messageType:GetAllStepResponse messageId:2 allStepsResponse:<allSteps:<stepValue:"user clicks Para Yat\304\261rma" parameterizedStepValue:"user clicks Para Yat\304\261rma" > allSteps:<stepValue:"Vadesiz hesaplardan se\303\247im yap\304\261l\304\261r." parameterizedStepValue:"Vadesiz hesaplardan se\303\247im yap\304\261l\304\261r." > allSteps:<stepValue:"Tutar alan\304\261 t\304\261klan\304\261r." parameterizedStepValue:"Tutar alan\304\261 t\304\261klan\304\261r." > allSteps:<stepValue:"User fills password field" parameterizedStepValue:"User fills password field" > allSteps:<stepValue:"User Clicks Tum Islemler Tab" parameterizedStepValue:"User Clicks Tum Islemler Tab" > allSteps:<stepValue:"Paran\304\261n Aktar\304\261laca\304\237\304\261 Hesap alan\304\261 t\304\261klan\304\261r." parameterizedStepValue:"Paran\304\261n Aktar\304\261laca\304\237\304\261 Hesap alan\304\261 t\304\261klan\304\261r." > allSteps:<stepValue:"Yat\304\261r\304\261m hesaplar\304\261ndan biri t\304\261klan\304\261r." parameterizedStepValue:"Yat\304\261r\304\261m hesaplar\304\261ndan biri t\304\261klan\304\261r." > allSteps:<stepValue:"Tutar girilir." parameterizedStepValue:"Tutar girilir." > allSteps:<stepValue:"user clicks Yat\304\261r\304\261m menu" parameterizedStepValue:"user clicks Yat\304\261r\304\261m menu" > allSteps:<stepValue:"Paran\304\261n Al\304\261naca\304\237\304\261 Hesap Komponenti T\304\261klan\304\261r" parameterizedStepValue:"Paran\304\261n Al\304\261naca\304\237\304\261 Hesap Komponenti T\304\261klan\304\261r" > > 
23-08-2022 15:17:32.980 [Gauge] [DEBUG] Api Request Received: messageType:GetAllConceptsRequest messageId:6 allConceptsRequest:<> 
23-08-2022 15:17:32.980 [Gauge] [DEBUG] Sending API response: messageType:GetAllConceptsResponse messageId:6 allConceptsResponse:<> 
23-08-2022 15:17:33.290 [Gauge] [DEBUG] Api Request Received: messageType:GetStepValueRequest messageId:4 stepValueRequest:<stepText:"A\303\247\304\261klama girilir." > 
23-08-2022 15:17:33.290 [Gauge] [DEBUG] Sending API response: messageType:GetStepValueResponse messageId:4 stepValueResponse:<stepValue:<stepValue:"A\303\247\304\261klama girilir." parameterizedStepValue:"A\303\247\304\261klama girilir." > > 
23-08-2022 15:17:34.161 [Gauge] [INFO] Spec file added / modified: C:\Users\KorayCakir\IdeaProjects\VakifbankStajDenemeSenaryo\specs\final.spec
23-08-2022 15:17:34.174 [Gauge] [INFO] Spec file added / modified: C:\Users\KorayCakir\IdeaProjects\VakifbankStajDenemeSenaryo\specs\final.spec
23-08-2022 15:17:35.624 [Gauge] [DEBUG] Api Request Received: messageType:GetStepValueRequest messageId:4 stepValueRequest:<> 
23-08-2022 15:17:35.624 [Gauge] [DEBUG] Sending API response: messageType:GetStepValueResponse messageId:4 stepValueResponse:<stepValue:<> > 
23-08-2022 15:17:36.460 [Gauge] [DEBUG] Api Request Received: messageType:GetStepValueRequest messageId:4 stepValueRequest:<> 
23-08-2022 15:17:36.460 [Gauge] [DEBUG] Sending API response: messageType:GetStepValueResponse messageId:4 stepValueResponse:<stepValue:<> > 
23-08-2022 15:17:36.462 [Gauge] [DEBUG] Api Request Received: messageType:GetStepValueRequest messageId:4 stepValueRequest:<> 
23-08-2022 15:17:36.462 [Gauge] [DEBUG] Sending API response: messageType:GetStepValueResponse messageId:4 stepValueResponse:<stepValue:<> > 
23-08-2022 15:17:36.464 [Gauge] [DEBUG] Api Request Received: messageType:GetStepValueRequest messageId:4 stepValueRequest:<> 
23-08-2022 15:17:36.464 [Gauge] [DEBUG] Sending API response: messageType:GetStepValueResponse messageId:4 stepValueResponse:<stepValue:<> > 
23-08-2022 15:17:36.465 [Gauge] [DEBUG] Api Request Received: messageType:GetStepValueRequest messageId:4 stepValueRequest:<> 
23-08-2022 15:17:36.465 [Gauge] [DEBUG] Sending API response: messageType:GetStepValueResponse messageId:4 stepValueResponse:<stepValue:<> > 
23-08-2022 15:17:36.466 [Gauge] [DEBUG] Api Request Received: messageType:GetStepValueRequest messageId:4 stepValueRequest:<> 
23-08-2022 15:17:36.466 [Gauge] [DEBUG] Sending API response: messageType:GetStepValueResponse messageId:4 stepValueResponse:<stepValue:<> > 
23-08-2022 15:17:36.468 [Gauge] [DEBUG] Api Request Received: messageType:GetStepValueRequest messageId:4 stepValueRequest:<> 
23-08-2022 15:17:36.468 [Gauge] [DEBUG] Sending API response: messageType:GetStepValueResponse messageId:4 stepValueResponse:<stepValue:<> > 
23-08-2022 15:17:36.469 [Gauge] [DEBUG] Api Request Received: messageType:GetStepValueRequest messageId:4 stepValueRequest:<> 
23-08-2022 15:17:36.469 [Gauge] [DEBUG] Sending API response: messageType:GetStepValueResponse messageId:4 stepValueResponse:<stepValue:<> > 
23-08-2022 15:17:36.471 [Gauge] [DEBUG] Api Request Received: messageType:GetStepValueRequest messageId:4 stepValueRequest:<> 
23-08-2022 15:17:36.471 [Gauge] [DEBUG] Sending API response: messageType:GetStepValueResponse messageId:4 stepValueResponse:<stepValue:<> > 
23-08-2022 15:17:36.476 [Gauge] [DEBUG] Api Request Received: messageType:GetStepValueRequest messageId:4 stepValueRequest:<> 
23-08-2022 15:17:36.476 [Gauge] [DEBUG] Sending API response: messageType:GetStepValueResponse messageId:4 stepValueResponse:<stepValue:<> > 
23-08-2022 15:18:12.065 [Gauge] [DEBUG] Api Request Received: messageType:GetStepValueRequest messageId:4 stepValueRequest:<stepText:"Onay" > 
23-08-2022 15:18:12.066 [Gauge] [DEBUG] Sending API response: messageType:GetStepValueResponse messageId:4 stepValueResponse:<stepValue:<stepValue:"Onay" parameterizedStepValue:"Onay" > > 
23-08-2022 15:18:13.349 [Gauge] [DEBUG] Api Request Received: messageType:GetStepValueRequest messageId:4 stepValueRequest:<stepText:"Onayla bur" > 
23-08-2022 15:18:13.349 [Gauge] [DEBUG] Sending API response: messageType:GetStepValueResponse messageId:4 stepValueResponse:<stepValue:<stepValue:"Onayla bur" parameterizedStepValue:"Onayla bur" > > 
23-08-2022 15:18:15.402 [Gauge] [DEBUG] Api Request Received: messageType:GetStepValueRequest messageId:4 stepValueRequest:<stepText:"Onayla butonuna t\304\261ka" > 
23-08-2022 15:18:15.402 [Gauge] [DEBUG] Sending API response: messageType:GetStepValueResponse messageId:4 stepValueResponse:<stepValue:<stepValue:"Onayla butonuna t\304\261ka" parameterizedStepValue:"Onayla butonuna t\304\261ka" > > 
23-08-2022 15:18:15.749 [Gauge] [DEBUG] Api Request Received: messageType:GetStepValueRequest messageId:4 stepValueRequest:<stepText:"Onayla butonuna t\304\261k" > 
23-08-2022 15:18:15.749 [Gauge] [DEBUG] Sending API response: messageType:GetStepValueResponse messageId:4 stepValueResponse:<stepValue:<stepValue:"Onayla butonuna t\304\261k" parameterizedStepValue:"Onayla butonuna t\304\261k" > > 
23-08-2022 15:18:17.273 [Gauge] [DEBUG] Api Request Received: messageType:GetStepValueRequest messageId:4 stepValueRequest:<stepText:"Onayla butonuna t\304\261klan\304\261r." > 
23-08-2022 15:18:17.273 [Gauge] [DEBUG] Sending API response: messageType:GetStepValueResponse messageId:4 stepValueResponse:<stepValue:<stepValue:"Onayla butonuna t\304\261klan\304\261r." parameterizedStepValue:"Onayla butonuna t\304\261klan\304\261r." > > 
23-08-2022 15:18:28.331 [Gauge] [INFO] Spec file added / modified: C:\Users\KorayCakir\IdeaProjects\VakifbankStajDenemeSenaryo\specs\final.spec
23-08-2022 15:18:28.332 [Gauge] [INFO] Spec file added / modified: C:\Users\KorayCakir\IdeaProjects\VakifbankStajDenemeSenaryo\specs\final.spec
23-08-2022 15:18:29.379 [Gauge] [DEBUG] Api Request Received: messageType:GetStepValueRequest messageId:4 stepValueRequest:<> 
23-08-2022 15:18:29.379 [Gauge] [DEBUG] Sending API response: messageType:GetStepValueResponse messageId:4 stepValueResponse:<stepValue:<> > 
23-08-2022 15:18:30.038 [Gauge] [DEBUG] Api Request Received: messageType:GetStepValueRequest messageId:4 stepValueRequest:<stepText:"o" > 
23-08-2022 15:18:30.039 [Gauge] [DEBUG] Sending API response: messageType:GetStepValueResponse messageId:4 stepValueResponse:<stepValue:<stepValue:"o" parameterizedStepValue:"o" > > 
23-08-2022 15:18:30.057 [Gauge] [DEBUG] Api Request Received: messageType:GetAllStepsRequest messageId:2 allStepsRequest:<> 
23-08-2022 15:18:30.057 [Gauge] [DEBUG] Sending API response: messageType:GetAllStepResponse messageId:2 allStepsResponse:<allSteps:<stepValue:"Vadesiz hesaplardan se\303\247im yap\304\261l\304\261r." parameterizedStepValue:"Vadesiz hesaplardan se\303\247im yap\304\261l\304\261r." > allSteps:<stepValue:"User fills password field" parameterizedStepValue:"User fills password field" > allSteps:<stepValue:"user clicks Yat\304\261r\304\261m menu" parameterizedStepValue:"user clicks Yat\304\261r\304\261m menu" > allSteps:<stepValue:"user clicks Para Yat\304\261rma" parameterizedStepValue:"user clicks Para Yat\304\261rma" > allSteps:<stepValue:"Yat\304\261r\304\261m hesaplar\304\261ndan biri t\304\261klan\304\261r." parameterizedStepValue:"Yat\304\261r\304\261m hesaplar\304\261ndan biri t\304\261klan\304\261r." > allSteps:<stepValue:"Tutar alan\304\261 t\304\261klan\304\261r." parameterizedStepValue:"Tutar alan\304\261 t\304\261klan\304\261r." > allSteps:<stepValue:"Tutar girilir." parameterizedStepValue:"Tutar girilir." > allSteps:<stepValue:"A\303\247\304\261klama girilir" parameterizedStepValue:"A\303\247\304\261klama girilir" > allSteps:<stepValue:"Devam butonu t\304\261klan\304\261r." parameterizedStepValue:"Devam butonu t\304\261klan\304\261r." > allSteps:<stepValue:"User Clicks Tum Islemler Tab" parameterizedStepValue:"User Clicks Tum Islemler Tab" > allSteps:<stepValue:"Paran\304\261n Al\304\261naca\304\237\304\261 Hesap Komponenti T\304\261klan\304\261r" parameterizedStepValue:"Paran\304\261n Al\304\261naca\304\237\304\261 Hesap Komponenti T\304\261klan\304\261r" > allSteps:<stepValue:"Paran\304\261n Aktar\304\261laca\304\237\304\261 Hesap alan\304\261 t\304\261klan\304\261r." parameterizedStepValue:"Paran\304\261n Aktar\304\261laca\304\237\304\261 Hesap alan\304\261 t\304\261klan\304\261r." > > 
23-08-2022 15:18:30.058 [Gauge] [DEBUG] Api Request Received: messageType:GetAllConceptsRequest messageId:6 allConceptsRequest:<> 
23-08-2022 15:18:30.058 [Gauge] [DEBUG] Sending API response: messageType:GetAllConceptsResponse messageId:6 allConceptsResponse:<> 
23-08-2022 15:18:33.207 [Gauge] [INFO] Spec file added / modified: C:\Users\KorayCakir\IdeaProjects\VakifbankStajDenemeSenaryo\specs\final.spec
23-08-2022 15:18:33.208 [Gauge] [INFO] Spec file added / modified: C:\Users\KorayCakir\IdeaProjects\VakifbankStajDenemeSenaryo\specs\final.spec
23-08-2022 15:18:34.781 [Gauge] [DEBUG] Api Request Received: messageType:GetAllStepsRequest messageId:2 allStepsRequest:<> 
23-08-2022 15:18:34.781 [Gauge] [DEBUG] Sending API response: messageType:GetAllStepResponse messageId:2 allStepsResponse:<allSteps:<stepValue:"Yat\304\261r\304\261m hesaplar\304\261ndan biri t\304\261klan\304\261r." parameterizedStepValue:"Yat\304\261r\304\261m hesaplar\304\261ndan biri t\304\261klan\304\261r." > allSteps:<stepValue:"Tutar girilir." parameterizedStepValue:"Tutar girilir." > allSteps:<stepValue:"A\303\247\304\261klama girilir" parameterizedStepValue:"A\303\247\304\261klama girilir" > allSteps:<stepValue:"Devam butonu t\304\261klan\304\261r." parameterizedStepValue:"Devam butonu t\304\261klan\304\261r." > allSteps:<stepValue:"User fills password field" parameterizedStepValue:"User fills password field" > allSteps:<stepValue:"User Clicks Tum Islemler Tab" parameterizedStepValue:"User Clicks Tum Islemler Tab" > allSteps:<stepValue:"user clicks Para Yat\304\261rma" parameterizedStepValue:"user clicks Para Yat\304\261rma" > allSteps:<stepValue:"Paran\304\261n Aktar\304\261laca\304\237\304\261 Hesap alan\304\261 t\304\261klan\304\261r." parameterizedStepValue:"Paran\304\261n Aktar\304\261laca\304\237\304\261 Hesap alan\304\261 t\304\261klan\304\261r." > allSteps:<stepValue:"Tutar alan\304\261 t\304\261klan\304\261r." parameterizedStepValue:"Tutar alan\304\261 t\304\261klan\304\261r." > allSteps:<stepValue:"Onayla butonuna t\304\261klan\304\261r." parameterizedStepValue:"Onayla butonuna t\304\261klan\304\261r." > allSteps:<stepValue:"user clicks Yat\304\261r\304\261m menu" parameterizedStepValue:"user clicks Yat\304\261r\304\261m menu" > allSteps:<stepValue:"Paran\304\261n Al\304\261naca\304\237\304\261 Hesap Komponenti T\304\261klan\304\261r" parameterizedStepValue:"Paran\304\261n Al\304\261naca\304\237\304\261 Hesap Komponenti T\304\261klan\304\261r" > allSteps:<stepValue:"Vadesiz hesaplardan se\303\247im yap\304\261l\304\261r." parameterizedStepValue:"Vadesiz hesaplardan se\303\247im yap\304\261l\304\261r." > > 
23-08-2022 15:18:34.782 [Gauge] [DEBUG] Api Request Received: messageType:GetAllConceptsRequest messageId:6 allConceptsRequest:<> 
23-08-2022 15:18:34.782 [Gauge] [DEBUG] Sending API response: messageType:GetAllConceptsResponse messageId:6 allConceptsResponse:<> 
23-08-2022 15:18:34.971 [Gauge] [DEBUG] Api Request Received: messageType:GetStepValueRequest messageId:4 stepValueRequest:<stepText:"on" > 
23-08-2022 15:18:34.971 [Gauge] [DEBUG] Sending API response: messageType:GetStepValueResponse messageId:4 stepValueResponse:<stepValue:<stepValue:"on" parameterizedStepValue:"on" > > 
23-08-2022 15:18:48.349 [Gauge] [DEBUG] Api Request Received: messageType:GetStepValueRequest messageId:4 stepValueRequest:<> 
23-08-2022 15:18:48.349 [Gauge] [DEBUG] Sending API response: messageType:GetStepValueResponse messageId:4 stepValueResponse:<stepValue:<> > 
23-08-2022 15:18:48.354 [Gauge] [DEBUG] Api Request Received: messageType:GetStepValueRequest messageId:4 stepValueRequest:<> 
23-08-2022 15:18:48.354 [Gauge] [DEBUG] Sending API response: messageType:GetStepValueResponse messageId:4 stepValueResponse:<stepValue:<> > 
23-08-2022 15:18:48.357 [Gauge] [DEBUG] Api Request Received: messageType:GetStepValueRequest messageId:4 stepValueRequest:<> 
23-08-2022 15:18:48.357 [Gauge] [DEBUG] Sending API response: messageType:GetStepValueResponse messageId:4 stepValueResponse:<stepValue:<> > 
23-08-2022 15:18:49.755 [Gauge] [DEBUG] Api Request Received: messageType:GetStepValueRequest messageId:4 stepValueRequest:<stepText:"Onal" > 
23-08-2022 15:18:49.755 [Gauge] [DEBUG] Sending API response: messageType:GetStepValueResponse messageId:4 stepValueResponse:<stepValue:<stepValue:"Onal" parameterizedStepValue:"Onal" > > 
23-08-2022 15:18:50.133 [Gauge] [DEBUG] Api Request Received: messageType:GetStepValueRequest messageId:4 stepValueRequest:<stepText:"Ona" > 
23-08-2022 15:18:50.133 [Gauge] [DEBUG] Sending API response: messageType:GetStepValueResponse messageId:4 stepValueResponse:<stepValue:<stepValue:"Ona" parameterizedStepValue:"Ona" > > 
23-08-2022 15:18:52.248 [Gauge] [DEBUG] Api Request Received: messageType:GetStepValueRequest messageId:4 stepValueRequest:<stepText:"Onayland\304\261 m\304\261 " > 
23-08-2022 15:18:52.248 [Gauge] [DEBUG] Sending API response: messageType:GetStepValueResponse messageId:4 stepValueResponse:<stepValue:<stepValue:"Onayland\304\261 m\304\261" parameterizedStepValue:"Onayland\304\261 m\304\261" > > 
23-08-2022 15:18:52.816 [Gauge] [DEBUG] Api Request Received: messageType:GetStepValueRequest messageId:4 stepValueRequest:<stepText:"Onayland\304\261 m\304\261 ko" > 
23-08-2022 15:18:52.816 [Gauge] [DEBUG] Sending API response: messageType:GetStepValueResponse messageId:4 stepValueResponse:<stepValue:<stepValue:"Onayland\304\261 m\304\261 ko" parameterizedStepValue:"Onayland\304\261 m\304\261 ko" > > 
23-08-2022 15:18:54.619 [Gauge] [DEBUG] Api Request Received: messageType:GetStepValueRequest messageId:4 stepValueRequest:<stepText:"Onayland\304\261 m\304\261 kontrol eder" > 
23-08-2022 15:18:54.619 [Gauge] [DEBUG] Sending API response: messageType:GetStepValueResponse messageId:4 stepValueResponse:<stepValue:<stepValue:"Onayland\304\261 m\304\261 kontrol eder" parameterizedStepValue:"Onayland\304\261 m\304\261 kontrol eder" > > 
23-08-2022 15:18:55.121 [Gauge] [DEBUG] Api Request Received: messageType:GetStepValueRequest messageId:4 stepValueRequest:<stepText:"Onayland\304\261 m\304\261 kontrol eder." > 
23-08-2022 15:18:55.121 [Gauge] [DEBUG] Sending API response: messageType:GetStepValueResponse messageId:4 stepValueResponse:<stepValue:<stepValue:"Onayland\304\261 m\304\261 kontrol eder." parameterizedStepValue:"Onayland\304\261 m\304\261 kontrol eder." > > 
23-08-2022 15:19:38.151 [Gauge] [INFO] Spec file added / modified: C:\Users\KorayCakir\IdeaProjects\VakifbankStajDenemeSenaryo\specs\final.spec
23-08-2022 15:19:38.184 [Gauge] [INFO] Spec file added / modified: C:\Users\KorayCakir\IdeaProjects\VakifbankStajDenemeSenaryo\specs\final.spec
23-08-2022 15:28:40.224 [Gauge] [INFO] Spec file added / modified: C:\Users\KorayCakir\IdeaProjects\VakifbankStajDenemeSenaryo\specs\final.spec
23-08-2022 15:28:40.231 [Gauge] [INFO] Spec file added / modified: C:\Users\KorayCakir\IdeaProjects\VakifbankStajDenemeSenaryo\specs\final.spec
23-08-2022 15:28:45.075 [Gauge] [INFO] Spec file added / modified: C:\Users\KorayCakir\IdeaProjects\VakifbankStajDenemeSenaryo\specs\final.spec
23-08-2022 15:28:45.083 [Gauge] [INFO] Spec file added / modified: C:\Users\KorayCakir\IdeaProjects\VakifbankStajDenemeSenaryo\specs\final.spec
23-08-2022 15:28:52.307 [Gauge] [INFO] Spec file added / modified: C:\Users\KorayCakir\IdeaProjects\VakifbankStajDenemeSenaryo\specs\final.spec
23-08-2022 15:28:52.316 [Gauge] [INFO] Spec file added / modified: C:\Users\KorayCakir\IdeaProjects\VakifbankStajDenemeSenaryo\specs\final.spec
23-08-2022 15:28:55.997 [Gauge] [INFO] Spec file added / modified: C:\Users\KorayCakir\IdeaProjects\VakifbankStajDenemeSenaryo\specs\final.spec
23-08-2022 15:28:56.006 [Gauge] [INFO] Spec file added / modified: C:\Users\KorayCakir\IdeaProjects\VakifbankStajDenemeSenaryo\specs\final.spec
23-08-2022 15:28:58.944 [Gauge] [INFO] Spec file added / modified: C:\Users\KorayCakir\IdeaProjects\VakifbankStajDenemeSenaryo\specs\final.spec
23-08-2022 15:28:58.953 [Gauge] [INFO] Spec file added / modified: C:\Users\KorayCakir\IdeaProjects\VakifbankStajDenemeSenaryo\specs\final.spec
23-08-2022 15:29:10.961 [Gauge] [INFO] Spec file added / modified: C:\Users\KorayCakir\IdeaProjects\VakifbankStajDenemeSenaryo\specs\final.spec
23-08-2022 15:29:10.967 [Gauge] [INFO] Spec file added / modified: C:\Users\KorayCakir\IdeaProjects\VakifbankStajDenemeSenaryo\specs\final.spec
23-08-2022 15:30:06.748 [Gauge] [INFO] Spec file added / modified: C:\Users\KorayCakir\IdeaProjects\VakifbankStajDenemeSenaryo\specs\final.spec
23-08-2022 15:30:06.749 [Gauge] [INFO] Spec file added / modified: C:\Users\KorayCakir\IdeaProjects\VakifbankStajDenemeSenaryo\specs\final.spec
23-08-2022 15:30:06.900 [Gauge] [INFO] Spec file added / modified: C:\Users\KorayCakir\IdeaProjects\VakifbankStajDenemeSenaryo\specs\final.spec
23-08-2022 15:30:06.910 [Gauge] [INFO] Spec file added / modified: C:\Users\KorayCakir\IdeaProjects\VakifbankStajDenemeSenaryo\specs\final.spec
23-08-2022 15:30:07.020 [Gauge] [INFO] Spec file added / modified: C:\Users\KorayCakir\IdeaProjects\VakifbankStajDenemeSenaryo\specs\final.spec
23-08-2022 15:30:07.027 [Gauge] [INFO] Spec file added / modified: C:\Users\KorayCakir\IdeaProjects\VakifbankStajDenemeSenaryo\specs\final.spec
23-08-2022 15:30:38.124 [Gauge] [INFO] Concept file added / modified: C:\Users\KorayCakir\IdeaProjects\VakifbankStajDenemeSenaryo\specs\final.cpt
23-08-2022 15:30:45.638 [Gauge] [INFO] Concept file added / modified: C:\Users\KorayCakir\IdeaProjects\VakifbankStajDenemeSenaryo\specs\final.cpt
23-08-2022 15:30:45.647 [Gauge] [ERROR] Parse failure: [[ParseError] C:\Users\KorayCakir\IdeaProjects\VakifbankStajDenemeSenaryo\specs\final.cpt:2 Step is not defined inside a concept heading => 'User fills password field' [ParseError] C:\Users\KorayCakir\IdeaProjects\VakifbankStajDenemeSenaryo\specs\final.cpt:3 Step is not defined inside a concept heading => '"1" saniye bekle' [ParseError] C:\Users\KorayCakir\IdeaProjects\VakifbankStajDenemeSenaryo\specs\final.cpt:4 Step is not defined inside a concept heading => 'User Clicks Tum Islemler Tab' [ParseError] C:\Users\KorayCakir\IdeaProjects\VakifbankStajDenemeSenaryo\specs\final.cpt:5 Step is not defined inside a concept heading => '"1" saniye bekle' [ParseError] C:\Users\KorayCakir\IdeaProjects\VakifbankStajDenemeSenaryo\specs\final.cpt:6 Step is not defined inside a concept heading => 'user clicks Yatrm menu' [ParseError] C:\Users\KorayCakir\IdeaProjects\VakifbankStajDenemeSenaryo\specs\final.cpt:7 Step is not defined inside a concept heading => '"1" saniye bekle' [ParseError] C:\Users\KorayCakir\IdeaProjects\VakifbankStajDenemeSenaryo\specs\final.cpt:8 Step is not defined inside a concept heading => 'user clicks Para Yatrma' [ParseError] C:\Users\KorayCakir\IdeaProjects\VakifbankStajDenemeSenaryo\specs\final.cpt:9 Step is not defined inside a concept heading => '"1" saniye bekle' [ParseError] C:\Users\KorayCakir\IdeaProjects\VakifbankStajDenemeSenaryo\specs\final.cpt:10 Step is not defined inside a concept heading => 'Parann Alnaca Hesap Komponenti Tklanr' [ParseError] C:\Users\KorayCakir\IdeaProjects\VakifbankStajDenemeSenaryo\specs\final.cpt:11 Step is not defined inside a concept heading => '"1" saniye bekle' [ParseError] C:\Users\KorayCakir\IdeaProjects\VakifbankStajDenemeSenaryo\specs\final.cpt:12 Step is not defined inside a concept heading => 'Vadesiz hesaplardan seim yaplr.' [ParseError] C:\Users\KorayCakir\IdeaProjects\VakifbankStajDenemeSenaryo\specs\final.cpt:13 Step is not defined inside a concept heading => 'Parann Aktarlaca Hesap alan tklanr.' [ParseError] C:\Users\KorayCakir\IdeaProjects\VakifbankStajDenemeSenaryo\specs\final.cpt:14 Step is not defined inside a concept heading => 'Yatrm hesaplarndan biri tklanr.' [ParseError] C:\Users\KorayCakir\IdeaProjects\VakifbankStajDenemeSenaryo\specs\final.cpt:15 Step is not defined inside a concept heading => 'Tutar alan tklanr.' [ParseError] C:\Users\KorayCakir\IdeaProjects\VakifbankStajDenemeSenaryo\specs\final.cpt:16 Step is not defined inside a concept heading => 'Tutar girilir.' [ParseError] C:\Users\KorayCakir\IdeaProjects\VakifbankStajDenemeSenaryo\specs\final.cpt:17 Step is not defined inside a concept heading => 'Aklama girilir' [ParseError] C:\Users\KorayCakir\IdeaProjects\VakifbankStajDenemeSenaryo\specs\final.cpt:18 Step is not defined inside a concept heading => 'Devam butonu tklanr.' [ParseError] C:\Users\KorayCakir\IdeaProjects\VakifbankStajDenemeSenaryo\specs\final.cpt:19 Step is not defined inside a concept heading => 'Onayla butonuna tklanr.' [ParseError] C:\Users\KorayCakir\IdeaProjects\VakifbankStajDenemeSenaryo\specs\final.cpt:20 Step is not defined inside a concept heading => 'Onayland m kontrol eder.']
23-08-2022 15:30:45.647 [Gauge] [INFO] Concept file added / modified: C:\Users\KorayCakir\IdeaProjects\VakifbankStajDenemeSenaryo\specs\final.cpt
23-08-2022 15:30:45.647 [Gauge] [ERROR] Parse failure: [[ParseError] C:\Users\KorayCakir\IdeaProjects\VakifbankStajDenemeSenaryo\specs\final.cpt:2 Step is not defined inside a concept heading => 'User fills password field' [ParseError] C:\Users\KorayCakir\IdeaProjects\VakifbankStajDenemeSenaryo\specs\final.cpt:3 Step is not defined inside a concept heading => '"1" saniye bekle' [ParseError] C:\Users\KorayCakir\IdeaProjects\VakifbankStajDenemeSenaryo\specs\final.cpt:4 Step is not defined inside a concept heading => 'User Clicks Tum Islemler Tab' [ParseError] C:\Users\KorayCakir\IdeaProjects\VakifbankStajDenemeSenaryo\specs\final.cpt:5 Step is not defined inside a concept heading => '"1" saniye bekle' [ParseError] C:\Users\KorayCakir\IdeaProjects\VakifbankStajDenemeSenaryo\specs\final.cpt:6 Step is not defined inside a concept heading => 'user clicks Yatrm menu' [ParseError] C:\Users\KorayCakir\IdeaProjects\VakifbankStajDenemeSenaryo\specs\final.cpt:7 Step is not defined inside a concept heading => '"1" saniye bekle' [ParseError] C:\Users\KorayCakir\IdeaProjects\VakifbankStajDenemeSenaryo\specs\final.cpt:8 Step is not defined inside a concept heading => 'user clicks Para Yatrma' [ParseError] C:\Users\KorayCakir\IdeaProjects\VakifbankStajDenemeSenaryo\specs\final.cpt:9 Step is not defined inside a concept heading => '"1" saniye bekle' [ParseError] C:\Users\KorayCakir\IdeaProjects\VakifbankStajDenemeSenaryo\specs\final.cpt:10 Step is not defined inside a concept heading => 'Parann Alnaca Hesap Komponenti Tklanr' [ParseError] C:\Users\KorayCakir\IdeaProjects\VakifbankStajDenemeSenaryo\specs\final.cpt:11 Step is not defined inside a concept heading => '"1" saniye bekle' [ParseError] C:\Users\KorayCakir\IdeaProjects\VakifbankStajDenemeSenaryo\specs\final.cpt:12 Step is not defined inside a concept heading => 'Vadesiz hesaplardan seim yaplr.' [ParseError] C:\Users\KorayCakir\IdeaProjects\VakifbankStajDenemeSenaryo\specs\final.cpt:13 Step is not defined inside a concept heading => 'Parann Aktarlaca Hesap alan tklanr.' [ParseError] C:\Users\KorayCakir\IdeaProjects\VakifbankStajDenemeSenaryo\specs\final.cpt:14 Step is not defined inside a concept heading => 'Yatrm hesaplarndan biri tklanr.' [ParseError] C:\Users\KorayCakir\IdeaProjects\VakifbankStajDenemeSenaryo\specs\final.cpt:15 Step is not defined inside a concept heading => 'Tutar alan tklanr.' [ParseError] C:\Users\KorayCakir\IdeaProjects\VakifbankStajDenemeSenaryo\specs\final.cpt:16 Step is not defined inside a concept heading => 'Tutar girilir.' [ParseError] C:\Users\KorayCakir\IdeaProjects\VakifbankStajDenemeSenaryo\specs\final.cpt:17 Step is not defined inside a concept heading => 'Aklama girilir' [ParseError] C:\Users\KorayCakir\IdeaProjects\VakifbankStajDenemeSenaryo\specs\final.cpt:18 Step is not defined inside a concept heading => 'Devam butonu tklanr.' [ParseError] C:\Users\KorayCakir\IdeaProjects\VakifbankStajDenemeSenaryo\specs\final.cpt:19 Step is not defined inside a concept heading => 'Onayla butonuna tklanr.' [ParseError] C:\Users\KorayCakir\IdeaProjects\VakifbankStajDenemeSenaryo\specs\final.cpt:20 Step is not defined inside a concept heading => 'Onayland m kontrol eder.']
23-08-2022 15:30:45.785 [Gauge] [INFO] Concept file added / modified: C:\Users\KorayCakir\IdeaProjects\VakifbankStajDenemeSenaryo\specs\final.cpt
23-08-2022 15:30:45.791 [Gauge] [ERROR] Parse failure: [[ParseError] C:\Users\KorayCakir\IdeaProjects\VakifbankStajDenemeSenaryo\specs\final.cpt:3 Step is not defined inside a concept heading => 'User fills password field' [ParseError] C:\Users\KorayCakir\IdeaProjects\VakifbankStajDenemeSenaryo\specs\final.cpt:4 Step is not defined inside a concept heading => '"1" saniye bekle' [ParseError] C:\Users\KorayCakir\IdeaProjects\VakifbankStajDenemeSenaryo\specs\final.cpt:5 Step is not defined inside a concept heading => 'User Clicks Tum Islemler Tab' [ParseError] C:\Users\KorayCakir\IdeaProjects\VakifbankStajDenemeSenaryo\specs\final.cpt:6 Step is not defined inside a concept heading => '"1" saniye bekle' [ParseError] C:\Users\KorayCakir\IdeaProjects\VakifbankStajDenemeSenaryo\specs\final.cpt:7 Step is not defined inside a concept heading => 'user clicks Yatrm menu' [ParseError] C:\Users\KorayCakir\IdeaProjects\VakifbankStajDenemeSenaryo\specs\final.cpt:8 Step is not defined inside a concept heading => '"1" saniye bekle' [ParseError] C:\Users\KorayCakir\IdeaProjects\VakifbankStajDenemeSenaryo\specs\final.cpt:9 Step is not defined inside a concept heading => 'user clicks Para Yatrma' [ParseError] C:\Users\KorayCakir\IdeaProjects\VakifbankStajDenemeSenaryo\specs\final.cpt:10 Step is not defined inside a concept heading => '"1" saniye bekle' [ParseError] C:\Users\KorayCakir\IdeaProjects\VakifbankStajDenemeSenaryo\specs\final.cpt:11 Step is not defined inside a concept heading => 'Parann Alnaca Hesap Komponenti Tklanr' [ParseError] C:\Users\KorayCakir\IdeaProjects\VakifbankStajDenemeSenaryo\specs\final.cpt:12 Step is not defined inside a concept heading => '"1" saniye bekle' [ParseError] C:\Users\KorayCakir\IdeaProjects\VakifbankStajDenemeSenaryo\specs\final.cpt:13 Step is not defined inside a concept heading => 'Vadesiz hesaplardan seim yaplr.' [ParseError] C:\Users\KorayCakir\IdeaProjects\VakifbankStajDenemeSenaryo\specs\final.cpt:14 Step is not defined inside a concept heading => 'Parann Aktarlaca Hesap alan tklanr.' [ParseError] C:\Users\KorayCakir\IdeaProjects\VakifbankStajDenemeSenaryo\specs\final.cpt:15 Step is not defined inside a concept heading => 'Yatrm hesaplarndan biri tklanr.' [ParseError] C:\Users\KorayCakir\IdeaProjects\VakifbankStajDenemeSenaryo\specs\final.cpt:16 Step is not defined inside a concept heading => 'Tutar alan tklanr.' [ParseError] C:\Users\KorayCakir\IdeaProjects\VakifbankStajDenemeSenaryo\specs\final.cpt:17 Step is not defined inside a concept heading => 'Tutar girilir.' [ParseError] C:\Users\KorayCakir\IdeaProjects\VakifbankStajDenemeSenaryo\specs\final.cpt:18 Step is not defined inside a concept heading => 'Aklama girilir' [ParseError] C:\Users\KorayCakir\IdeaProjects\VakifbankStajDenemeSenaryo\specs\final.cpt:19 Step is not defined inside a concept heading => 'Devam butonu tklanr.' [ParseError] C:\Users\KorayCakir\IdeaProjects\VakifbankStajDenemeSenaryo\specs\final.cpt:20 Step is not defined inside a concept heading => 'Onayla butonuna tklanr.' [ParseError] C:\Users\KorayCakir\IdeaProjects\VakifbankStajDenemeSenaryo\specs\final.cpt:21 Step is not defined inside a concept heading => 'Onayland m kontrol eder.']
23-08-2022 15:30:45.791 [Gauge] [INFO] Concept file added / modified: C:\Users\KorayCakir\IdeaProjects\VakifbankStajDenemeSenaryo\specs\final.cpt
23-08-2022 15:30:45.791 [Gauge] [ERROR] Parse failure: [[ParseError] C:\Users\KorayCakir\IdeaProjects\VakifbankStajDenemeSenaryo\specs\final.cpt:3 Step is not defined inside a concept heading => 'User fills password field' [ParseError] C:\Users\KorayCakir\IdeaProjects\VakifbankStajDenemeSenaryo\specs\final.cpt:4 Step is not defined inside a concept heading => '"1" saniye bekle' [ParseError] C:\Users\KorayCakir\IdeaProjects\VakifbankStajDenemeSenaryo\specs\final.cpt:5 Step is not defined inside a concept heading => 'User Clicks Tum Islemler Tab' [ParseError] C:\Users\KorayCakir\IdeaProjects\VakifbankStajDenemeSenaryo\specs\final.cpt:6 Step is not defined inside a concept heading => '"1" saniye bekle' [ParseError] C:\Users\KorayCakir\IdeaProjects\VakifbankStajDenemeSenaryo\specs\final.cpt:7 Step is not defined inside a concept heading => 'user clicks Yatrm menu' [ParseError] C:\Users\KorayCakir\IdeaProjects\VakifbankStajDenemeSenaryo\specs\final.cpt:8 Step is not defined inside a concept heading => '"1" saniye bekle' [ParseError] C:\Users\KorayCakir\IdeaProjects\VakifbankStajDenemeSenaryo\specs\final.cpt:9 Step is not defined inside a concept heading => 'user clicks Para Yatrma' [ParseError] C:\Users\KorayCakir\IdeaProjects\VakifbankStajDenemeSenaryo\specs\final.cpt:10 Step is not defined inside a concept heading => '"1" saniye bekle' [ParseError] C:\Users\KorayCakir\IdeaProjects\VakifbankStajDenemeSenaryo\specs\final.cpt:11 Step is not defined inside a concept heading => 'Parann Alnaca Hesap Komponenti Tklanr' [ParseError] C:\Users\KorayCakir\IdeaProjects\VakifbankStajDenemeSenaryo\specs\final.cpt:12 Step is not defined inside a concept heading => '"1" saniye bekle' [ParseError] C:\Users\KorayCakir\IdeaProjects\VakifbankStajDenemeSenaryo\specs\final.cpt:13 Step is not defined inside a concept heading => 'Vadesiz hesaplardan seim yaplr.' [ParseError] C:\Users\KorayCakir\IdeaProjects\VakifbankStajDenemeSenaryo\specs\final.cpt:14 Step is not defined inside a concept heading => 'Parann Aktarlaca Hesap alan tklanr.' [ParseError] C:\Users\KorayCakir\IdeaProjects\VakifbankStajDenemeSenaryo\specs\final.cpt:15 Step is not defined inside a concept heading => 'Yatrm hesaplarndan biri tklanr.' [ParseError] C:\Users\KorayCakir\IdeaProjects\VakifbankStajDenemeSenaryo\specs\final.cpt:16 Step is not defined inside a concept heading => 'Tutar alan tklanr.' [ParseError] C:\Users\KorayCakir\IdeaProjects\VakifbankStajDenemeSenaryo\specs\final.cpt:17 Step is not defined inside a concept heading => 'Tutar girilir.' [ParseError] C:\Users\KorayCakir\IdeaProjects\VakifbankStajDenemeSenaryo\specs\final.cpt:18 Step is not defined inside a concept heading => 'Aklama girilir' [ParseError] C:\Users\KorayCakir\IdeaProjects\VakifbankStajDenemeSenaryo\specs\final.cpt:19 Step is not defined inside a concept heading => 'Devam butonu tklanr.' [ParseError] C:\Users\KorayCakir\IdeaProjects\VakifbankStajDenemeSenaryo\specs\final.cpt:20 Step is not defined inside a concept heading => 'Onayla butonuna tklanr.' [ParseError] C:\Users\KorayCakir\IdeaProjects\VakifbankStajDenemeSenaryo\specs\final.cpt:21 Step is not defined inside a concept heading => 'Onayland m kontrol eder.']
23-08-2022 15:30:45.929 [Gauge] [INFO] Concept file added / modified: C:\Users\KorayCakir\IdeaProjects\VakifbankStajDenemeSenaryo\specs\final.cpt
23-08-2022 15:30:45.935 [Gauge] [ERROR] Parse failure: [[ParseError] C:\Users\KorayCakir\IdeaProjects\VakifbankStajDenemeSenaryo\specs\final.cpt:4 Step is not defined inside a concept heading => 'User fills password field' [ParseError] C:\Users\KorayCakir\IdeaProjects\VakifbankStajDenemeSenaryo\specs\final.cpt:5 Step is not defined inside a concept heading => '"1" saniye bekle' [ParseError] C:\Users\KorayCakir\IdeaProjects\VakifbankStajDenemeSenaryo\specs\final.cpt:6 Step is not defined inside a concept heading => 'User Clicks Tum Islemler Tab' [ParseError] C:\Users\KorayCakir\IdeaProjects\VakifbankStajDenemeSenaryo\specs\final.cpt:7 Step is not defined inside a concept heading => '"1" saniye bekle' [ParseError] C:\Users\KorayCakir\IdeaProjects\VakifbankStajDenemeSenaryo\specs\final.cpt:8 Step is not defined inside a concept heading => 'user clicks Yatrm menu' [ParseError] C:\Users\KorayCakir\IdeaProjects\VakifbankStajDenemeSenaryo\specs\final.cpt:9 Step is not defined inside a concept heading => '"1" saniye bekle' [ParseError] C:\Users\KorayCakir\IdeaProjects\VakifbankStajDenemeSenaryo\specs\final.cpt:10 Step is not defined inside a concept heading => 'user clicks Para Yatrma' [ParseError] C:\Users\KorayCakir\IdeaProjects\VakifbankStajDenemeSenaryo\specs\final.cpt:11 Step is not defined inside a concept heading => '"1" saniye bekle' [ParseError] C:\Users\KorayCakir\IdeaProjects\VakifbankStajDenemeSenaryo\specs\final.cpt:12 Step is not defined inside a concept heading => 'Parann Alnaca Hesap Komponenti Tklanr' [ParseError] C:\Users\KorayCakir\IdeaProjects\VakifbankStajDenemeSenaryo\specs\final.cpt:13 Step is not defined inside a concept heading => '"1" saniye bekle' [ParseError] C:\Users\KorayCakir\IdeaProjects\VakifbankStajDenemeSenaryo\specs\final.cpt:14 Step is not defined inside a concept heading => 'Vadesiz hesaplardan seim yaplr.' [ParseError] C:\Users\KorayCakir\IdeaProjects\VakifbankStajDenemeSenaryo\specs\final.cpt:15 Step is not defined inside a concept heading => 'Parann Aktarlaca Hesap alan tklanr.' [ParseError] C:\Users\KorayCakir\IdeaProjects\VakifbankStajDenemeSenaryo\specs\final.cpt:16 Step is not defined inside a concept heading => 'Yatrm hesaplarndan biri tklanr.' [ParseError] C:\Users\KorayCakir\IdeaProjects\VakifbankStajDenemeSenaryo\specs\final.cpt:17 Step is not defined inside a concept heading => 'Tutar alan tklanr.' [ParseError] C:\Users\KorayCakir\IdeaProjects\VakifbankStajDenemeSenaryo\specs\final.cpt:18 Step is not defined inside a concept heading => 'Tutar girilir.' [ParseError] C:\Users\KorayCakir\IdeaProjects\VakifbankStajDenemeSenaryo\specs\final.cpt:19 Step is not defined inside a concept heading => 'Aklama girilir' [ParseError] C:\Users\KorayCakir\IdeaProjects\VakifbankStajDenemeSenaryo\specs\final.cpt:20 Step is not defined inside a concept heading => 'Devam butonu tklanr.' [ParseError] C:\Users\KorayCakir\IdeaProjects\VakifbankStajDenemeSenaryo\specs\final.cpt:21 Step is not defined inside a concept heading => 'Onayla butonuna tklanr.' [ParseError] C:\Users\KorayCakir\IdeaProjects\VakifbankStajDenemeSenaryo\specs\final.cpt:22 Step is not defined inside a concept heading => 'Onayland m kontrol eder.']
23-08-2022 15:30:45.935 [Gauge] [INFO] Concept file added / modified: C:\Users\KorayCakir\IdeaProjects\VakifbankStajDenemeSenaryo\specs\final.cpt
23-08-2022 15:30:45.935 [Gauge] [ERROR] Parse failure: [[ParseError] C:\Users\KorayCakir\IdeaProjects\VakifbankStajDenemeSenaryo\specs\final.cpt:4 Step is not defined inside a concept heading => 'User fills password field' [ParseError] C:\Users\KorayCakir\IdeaProjects\VakifbankStajDenemeSenaryo\specs\final.cpt:5 Step is not defined inside a concept heading => '"1" saniye bekle' [ParseError] C:\Users\KorayCakir\IdeaProjects\VakifbankStajDenemeSenaryo\specs\final.cpt:6 Step is not defined inside a concept heading => 'User Clicks Tum Islemler Tab' [ParseError] C:\Users\KorayCakir\IdeaProjects\VakifbankStajDenemeSenaryo\specs\final.cpt:7 Step is not defined inside a concept heading => '"1" saniye bekle' [ParseError] C:\Users\KorayCakir\IdeaProjects\VakifbankStajDenemeSenaryo\specs\final.cpt:8 Step is not defined inside a concept heading => 'user clicks Yatrm menu' [ParseError] C:\Users\KorayCakir\IdeaProjects\VakifbankStajDenemeSenaryo\specs\final.cpt:9 Step is not defined inside a concept heading => '"1" saniye bekle' [ParseError] C:\Users\KorayCakir\IdeaProjects\VakifbankStajDenemeSenaryo\specs\final.cpt:10 Step is not defined inside a concept heading => 'user clicks Para Yatrma' [ParseError] C:\Users\KorayCakir\IdeaProjects\VakifbankStajDenemeSenaryo\specs\final.cpt:11 Step is not defined inside a concept heading => '"1" saniye bekle' [ParseError] C:\Users\KorayCakir\IdeaProjects\VakifbankStajDenemeSenaryo\specs\final.cpt:12 Step is not defined inside a concept heading => 'Parann Alnaca Hesap Komponenti Tklanr' [ParseError] C:\Users\KorayCakir\IdeaProjects\VakifbankStajDenemeSenaryo\specs\final.cpt:13 Step is not defined inside a concept heading => '"1" saniye bekle' [ParseError] C:\Users\KorayCakir\IdeaProjects\VakifbankStajDenemeSenaryo\specs\final.cpt:14 Step is not defined inside a concept heading => 'Vadesiz hesaplardan seim yaplr.' [ParseError] C:\Users\KorayCakir\IdeaProjects\VakifbankStajDenemeSenaryo\specs\final.cpt:15 Step is not defined inside a concept heading => 'Parann Aktarlaca Hesap alan tklanr.' [ParseError] C:\Users\KorayCakir\IdeaProjects\VakifbankStajDenemeSenaryo\specs\final.cpt:16 Step is not defined inside a concept heading => 'Yatrm hesaplarndan biri tklanr.' [ParseError] C:\Users\KorayCakir\IdeaProjects\VakifbankStajDenemeSenaryo\specs\final.cpt:17 Step is not defined inside a concept heading => 'Tutar alan tklanr.' [ParseError] C:\Users\KorayCakir\IdeaProjects\VakifbankStajDenemeSenaryo\specs\final.cpt:18 Step is not defined inside a concept heading => 'Tutar girilir.' [ParseError] C:\Users\KorayCakir\IdeaProjects\VakifbankStajDenemeSenaryo\specs\final.cpt:19 Step is not defined inside a concept heading => 'Aklama girilir' [ParseError] C:\Users\KorayCakir\IdeaProjects\VakifbankStajDenemeSenaryo\specs\final.cpt:20 Step is not defined inside a concept heading => 'Devam butonu tklanr.' [ParseError] C:\Users\KorayCakir\IdeaProjects\VakifbankStajDenemeSenaryo\specs\final.cpt:21 Step is not defined inside a concept heading => 'Onayla butonuna tklanr.' [ParseError] C:\Users\KorayCakir\IdeaProjects\VakifbankStajDenemeSenaryo\specs\final.cpt:22 Step is not defined inside a concept heading => 'Onayland m kontrol eder.']
23-08-2022 15:30:46.058 [Gauge] [INFO] Concept file added / modified: C:\Users\KorayCakir\IdeaProjects\VakifbankStajDenemeSenaryo\specs\final.cpt
23-08-2022 15:30:46.059 [Gauge] [ERROR] Parse failure: [[ParseError] C:\Users\KorayCakir\IdeaProjects\VakifbankStajDenemeSenaryo\specs\final.cpt:5 Step is not defined inside a concept heading => 'User fills password field' [ParseError] C:\Users\KorayCakir\IdeaProjects\VakifbankStajDenemeSenaryo\specs\final.cpt:6 Step is not defined inside a concept heading => '"1" saniye bekle' [ParseError] C:\Users\KorayCakir\IdeaProjects\VakifbankStajDenemeSenaryo\specs\final.cpt:7 Step is not defined inside a concept heading => 'User Clicks Tum Islemler Tab' [ParseError] C:\Users\KorayCakir\IdeaProjects\VakifbankStajDenemeSenaryo\specs\final.cpt:8 Step is not defined inside a concept heading => '"1" saniye bekle' [ParseError] C:\Users\KorayCakir\IdeaProjects\VakifbankStajDenemeSenaryo\specs\final.cpt:9 Step is not defined inside a concept heading => 'user clicks Yatrm menu' [ParseError] C:\Users\KorayCakir\IdeaProjects\VakifbankStajDenemeSenaryo\specs\final.cpt:10 Step is not defined inside a concept heading => '"1" saniye bekle' [ParseError] C:\Users\KorayCakir\IdeaProjects\VakifbankStajDenemeSenaryo\specs\final.cpt:11 Step is not defined inside a concept heading => 'user clicks Para Yatrma' [ParseError] C:\Users\KorayCakir\IdeaProjects\VakifbankStajDenemeSenaryo\specs\final.cpt:12 Step is not defined inside a concept heading => '"1" saniye bekle' [ParseError] C:\Users\KorayCakir\IdeaProjects\VakifbankStajDenemeSenaryo\specs\final.cpt:13 Step is not defined inside a concept heading => 'Parann Alnaca Hesap Komponenti Tklanr' [ParseError] C:\Users\KorayCakir\IdeaProjects\VakifbankStajDenemeSenaryo\specs\final.cpt:14 Step is not defined inside a concept heading => '"1" saniye bekle' [ParseError] C:\Users\KorayCakir\IdeaProjects\VakifbankStajDenemeSenaryo\specs\final.cpt:15 Step is not defined inside a concept heading => 'Vadesiz hesaplardan seim yaplr.' [ParseError] C:\Users\KorayCakir\IdeaProjects\VakifbankStajDenemeSenaryo\specs\final.cpt:16 Step is not defined inside a concept heading => 'Parann Aktarlaca Hesap alan tklanr.' [ParseError] C:\Users\KorayCakir\IdeaProjects\VakifbankStajDenemeSenaryo\specs\final.cpt:17 Step is not defined inside a concept heading => 'Yatrm hesaplarndan biri tklanr.' [ParseError] C:\Users\KorayCakir\IdeaProjects\VakifbankStajDenemeSenaryo\specs\final.cpt:18 Step is not defined inside a concept heading => 'Tutar alan tklanr.' [ParseError] C:\Users\KorayCakir\IdeaProjects\VakifbankStajDenemeSenaryo\specs\final.cpt:19 Step is not defined inside a concept heading => 'Tutar girilir.' [ParseError] C:\Users\KorayCakir\IdeaProjects\VakifbankStajDenemeSenaryo\specs\final.cpt:20 Step is not defined inside a concept heading => 'Aklama girilir' [ParseError] C:\Users\KorayCakir\IdeaProjects\VakifbankStajDenemeSenaryo\specs\final.cpt:21 Step is not defined inside a concept heading => 'Devam butonu tklanr.' [ParseError] C:\Users\KorayCakir\IdeaProjects\VakifbankStajDenemeSenaryo\specs\final.cpt:22 Step is not defined inside a concept heading => 'Onayla butonuna tklanr.' [ParseError] C:\Users\KorayCakir\IdeaProjects\VakifbankStajDenemeSenaryo\specs\final.cpt:23 Step is not defined inside a concept heading => 'Onayland m kontrol eder.']
23-08-2022 15:30:46.059 [Gauge] [INFO] Concept file added / modified: C:\Users\KorayCakir\IdeaProjects\VakifbankStajDenemeSenaryo\specs\final.cpt
23-08-2022 15:30:46.059 [Gauge] [ERROR] Parse failure: [[ParseError] C:\Users\KorayCakir\IdeaProjects\VakifbankStajDenemeSenaryo\specs\final.cpt:5 Step is not defined inside a concept heading => 'User fills password field' [ParseError] C:\Users\KorayCakir\IdeaProjects\VakifbankStajDenemeSenaryo\specs\final.cpt:6 Step is not defined inside a concept heading => '"1" saniye bekle' [ParseError] C:\Users\KorayCakir\IdeaProjects\VakifbankStajDenemeSenaryo\specs\final.cpt:7 Step is not defined inside a concept heading => 'User Clicks Tum Islemler Tab' [ParseError] C:\Users\KorayCakir\IdeaProjects\VakifbankStajDenemeSenaryo\specs\final.cpt:8 Step is not defined inside a concept heading => '"1" saniye bekle' [ParseError] C:\Users\KorayCakir\IdeaProjects\VakifbankStajDenemeSenaryo\specs\final.cpt:9 Step is not defined inside a concept heading => 'user clicks Yatrm menu' [ParseError] C:\Users\KorayCakir\IdeaProjects\VakifbankStajDenemeSenaryo\specs\final.cpt:10 Step is not defined inside a concept heading => '"1" saniye bekle' [ParseError] C:\Users\KorayCakir\IdeaProjects\VakifbankStajDenemeSenaryo\specs\final.cpt:11 Step is not defined inside a concept heading => 'user clicks Para Yatrma' [ParseError] C:\Users\KorayCakir\IdeaProjects\VakifbankStajDenemeSenaryo\specs\final.cpt:12 Step is not defined inside a concept heading => '"1" saniye bekle' [ParseError] C:\Users\KorayCakir\IdeaProjects\VakifbankStajDenemeSenaryo\specs\final.cpt:13 Step is not defined inside a concept heading => 'Parann Alnaca Hesap Komponenti Tklanr' [ParseError] C:\Users\KorayCakir\IdeaProjects\VakifbankStajDenemeSenaryo\specs\final.cpt:14 Step is not defined inside a concept heading => '"1" saniye bekle' [ParseError] C:\Users\KorayCakir\IdeaProjects\VakifbankStajDenemeSenaryo\specs\final.cpt:15 Step is not defined inside a concept heading => 'Vadesiz hesaplardan seim yaplr.' [ParseError] C:\Users\KorayCakir\IdeaProjects\VakifbankStajDenemeSenaryo\specs\final.cpt:16 Step is not defined inside a concept heading => 'Parann Aktarlaca Hesap alan tklanr.' [ParseError] C:\Users\KorayCakir\IdeaProjects\VakifbankStajDenemeSenaryo\specs\final.cpt:17 Step is not defined inside a concept heading => 'Yatrm hesaplarndan biri tklanr.' [ParseError] C:\Users\KorayCakir\IdeaProjects\VakifbankStajDenemeSenaryo\specs\final.cpt:18 Step is not defined inside a concept heading => 'Tutar alan tklanr.' [ParseError] C:\Users\KorayCakir\IdeaProjects\VakifbankStajDenemeSenaryo\specs\final.cpt:19 Step is not defined inside a concept heading => 'Tutar girilir.' [ParseError] C:\Users\KorayCakir\IdeaProjects\VakifbankStajDenemeSenaryo\specs\final.cpt:20 Step is not defined inside a concept heading => 'Aklama girilir' [ParseError] C:\Users\KorayCakir\IdeaProjects\VakifbankStajDenemeSenaryo\specs\final.cpt:21 Step is not defined inside a concept heading => 'Devam butonu tklanr.' [ParseError] C:\Users\KorayCakir\IdeaProjects\VakifbankStajDenemeSenaryo\specs\final.cpt:22 Step is not defined inside a concept heading => 'Onayla butonuna tklanr.' [ParseError] C:\Users\KorayCakir\IdeaProjects\VakifbankStajDenemeSenaryo\specs\final.cpt:23 Step is not defined inside a concept heading => 'Onayland m kontrol eder.']
23-08-2022 15:30:48.715 [Gauge] [DEBUG] Api Request Received: messageType:GetStepValueRequest messageId:4 stepValueRequest:<> 
23-08-2022 15:30:48.715 [Gauge] [DEBUG] Sending API response: messageType:GetStepValueResponse messageId:4 stepValueResponse:<stepValue:<> > 
23-08-2022 15:30:49.898 [Gauge] [DEBUG] Api Request Received: messageType:GetStepValueRequest messageId:4 stepValueRequest:<> 
23-08-2022 15:30:49.898 [Gauge] [DEBUG] Sending API response: messageType:GetStepValueResponse messageId:4 stepValueResponse:<stepValue:<> > 
23-08-2022 15:30:51.413 [Gauge] [DEBUG] Api Request Received: messageType:GetStepValueRequest messageId:4 stepValueRequest:<stepText:" Case 1" > 
23-08-2022 15:30:51.414 [Gauge] [DEBUG] Sending API response: messageType:GetStepValueResponse messageId:4 stepValueResponse:<stepValue:<stepValue:"Case 1" parameterizedStepValue:"Case 1" > > 
23-08-2022 15:30:53.115 [Gauge] [INFO] Spec file added / modified: C:\Users\KorayCakir\IdeaProjects\VakifbankStajDenemeSenaryo\specs\final.spec
23-08-2022 15:30:53.121 [Gauge] [INFO] Spec file added / modified: C:\Users\KorayCakir\IdeaProjects\VakifbankStajDenemeSenaryo\specs\final.spec
23-08-2022 15:30:53.121 [Gauge] [INFO] Concept file added / modified: C:\Users\KorayCakir\IdeaProjects\VakifbankStajDenemeSenaryo\specs\final.cpt
23-08-2022 15:30:53.123 [Gauge] [INFO] Concept file added / modified: C:\Users\KorayCakir\IdeaProjects\VakifbankStajDenemeSenaryo\specs\final.cpt
23-08-2022 15:31:08.030 [Gauge] [DEBUG] Api Request Received: messageType:GetStepValueRequest messageId:4 stepValueRequest:<stepText:"* User Clicks Tum Islemler Tab" > 
23-08-2022 15:31:08.030 [Gauge] [DEBUG] Sending API response: messageType:GetStepValueResponse messageId:4 stepValueResponse:<stepValue:<stepValue:"* User Clicks Tum Islemler Tab" parameterizedStepValue:"* User Clicks Tum Islemler Tab" > > 
23-08-2022 15:31:08.031 [Gauge] [DEBUG] Api Request Received: messageType:GetStepValueRequest messageId:4 stepValueRequest:<stepText:"* user clicks Yat\304\261r\304\261m menu" > 
23-08-2022 15:31:08.031 [Gauge] [DEBUG] Sending API response: messageType:GetStepValueResponse messageId:4 stepValueResponse:<stepValue:<stepValue:"* user clicks Yat\304\261r\304\261m menu" parameterizedStepValue:"* user clicks Yat\304\261r\304\261m menu" > > 
23-08-2022 15:31:08.031 [Gauge] [DEBUG] Api Request Received: messageType:GetStepValueRequest messageId:4 stepValueRequest:<stepText:"* user clicks Para Yat\304\261rma" > 
23-08-2022 15:31:08.031 [Gauge] [DEBUG] Sending API response: messageType:GetStepValueResponse messageId:4 stepValueResponse:<stepValue:<stepValue:"* user clicks Para Yat\304\261rma" parameterizedStepValue:"* user clicks Para Yat\304\261rma" > > 
23-08-2022 15:31:08.031 [Gauge] [DEBUG] Api Request Received: messageType:GetStepValueRequest messageId:4 stepValueRequest:<stepText:"* Paran\304\261n Al\304\261naca\304\237\304\261 Hesap Komponenti T\304\261klan\304\261r" > 
23-08-2022 15:31:08.031 [Gauge] [DEBUG] Sending API response: messageType:GetStepValueResponse messageId:4 stepValueResponse:<stepValue:<stepValue:"* Paran\304\261n Al\304\261naca\304\237\304\261 Hesap Komponenti T\304\261klan\304\261r" parameterizedStepValue:"* Paran\304\261n Al\304\261naca\304\237\304\261 Hesap Komponenti T\304\261klan\304\261r" > > 
23-08-2022 15:31:08.031 [Gauge] [DEBUG] Api Request Received: messageType:GetStepValueRequest messageId:4 stepValueRequest:<stepText:"* Vadesiz hesaplardan se\303\247im yap\304\261l\304\261r." > 
23-08-2022 15:31:08.032 [Gauge] [DEBUG] Sending API response: messageType:GetStepValueResponse messageId:4 stepValueResponse:<stepValue:<stepValue:"* Vadesiz hesaplardan se\303\247im yap\304\261l\304\261r." parameterizedStepValue:"* Vadesiz hesaplardan se\303\247im yap\304\261l\304\261r." > > 
23-08-2022 15:31:08.032 [Gauge] [DEBUG] Api Request Received: messageType:GetStepValueRequest messageId:4 stepValueRequest:<stepText:"* Paran\304\261n Aktar\304\261laca\304\237\304\261 Hesap alan\304\261 t\304\261klan\304\261r." > 
23-08-2022 15:31:08.032 [Gauge] [DEBUG] Sending API response: messageType:GetStepValueResponse messageId:4 stepValueResponse:<stepValue:<stepValue:"* Paran\304\261n Aktar\304\261laca\304\237\304\261 Hesap alan\304\261 t\304\261klan\304\261r." parameterizedStepValue:"* Paran\304\261n Aktar\304\261laca\304\237\304\261 Hesap alan\304\261 t\304\261klan\304\261r." > > 
23-08-2022 15:31:08.032 [Gauge] [DEBUG] Api Request Received: messageType:GetStepValueRequest messageId:4 stepValueRequest:<stepText:"* Yat\304\261r\304\261m hesaplar\304\261ndan biri t\304\261klan\304\261r." > 
23-08-2022 15:31:08.032 [Gauge] [DEBUG] Sending API response: messageType:GetStepValueResponse messageId:4 stepValueResponse:<stepValue:<stepValue:"* Yat\304\261r\304\261m hesaplar\304\261ndan biri t\304\261klan\304\261r." parameterizedStepValue:"* Yat\304\261r\304\261m hesaplar\304\261ndan biri t\304\261klan\304\261r." > > 
23-08-2022 15:31:08.032 [Gauge] [DEBUG] Api Request Received: messageType:GetStepValueRequest messageId:4 stepValueRequest:<stepText:"* Tutar alan\304\261 t\304\261klan\304\261r." > 
23-08-2022 15:31:08.033 [Gauge] [DEBUG] Sending API response: messageType:GetStepValueResponse messageId:4 stepValueResponse:<stepValue:<stepValue:"* Tutar alan\304\261 t\304\261klan\304\261r." parameterizedStepValue:"* Tutar alan\304\261 t\304\261klan\304\261r." > > 
23-08-2022 15:31:08.033 [Gauge] [DEBUG] Api Request Received: messageType:GetStepValueRequest messageId:4 stepValueRequest:<stepText:"* Tutar girilir." > 
23-08-2022 15:31:08.033 [Gauge] [DEBUG] Sending API response: messageType:GetStepValueResponse messageId:4 stepValueResponse:<stepValue:<stepValue:"* Tutar girilir." parameterizedStepValue:"* Tutar girilir." > > 
23-08-2022 15:31:08.033 [Gauge] [DEBUG] Api Request Received: messageType:GetStepValueRequest messageId:4 stepValueRequest:<stepText:"* A\303\247\304\261klama girilir" > 
23-08-2022 15:31:08.033 [Gauge] [DEBUG] Sending API response: messageType:GetStepValueResponse messageId:4 stepValueResponse:<stepValue:<stepValue:"* A\303\247\304\261klama girilir" parameterizedStepValue:"* A\303\247\304\261klama girilir" > > 
23-08-2022 15:31:08.033 [Gauge] [DEBUG] Api Request Received: messageType:GetStepValueRequest messageId:4 stepValueRequest:<stepText:"* Devam butonu t\304\261klan\304\261r." > 
23-08-2022 15:31:08.033 [Gauge] [DEBUG] Sending API response: messageType:GetStepValueResponse messageId:4 stepValueResponse:<stepValue:<stepValue:"* Devam butonu t\304\261klan\304\261r." parameterizedStepValue:"* Devam butonu t\304\261klan\304\261r." > > 
23-08-2022 15:31:08.033 [Gauge] [DEBUG] Api Request Received: messageType:GetStepValueRequest messageId:4 stepValueRequest:<stepText:"* Onayla butonuna t\304\261klan\304\261r." > 
23-08-2022 15:31:08.034 [Gauge] [DEBUG] Sending API response: messageType:GetStepValueResponse messageId:4 stepValueResponse:<stepValue:<stepValue:"* Onayla butonuna t\304\261klan\304\261r." parameterizedStepValue:"* Onayla butonuna t\304\261klan\304\261r." > > 
23-08-2022 15:31:08.034 [Gauge] [DEBUG] Api Request Received: messageType:GetStepValueRequest messageId:4 stepValueRequest:<stepText:"* Onayland\304\261 m\304\261 kontrol eder." > 
23-08-2022 15:31:08.034 [Gauge] [DEBUG] Sending API response: messageType:GetStepValueResponse messageId:4 stepValueResponse:<stepValue:<stepValue:"* Onayland\304\261 m\304\261 kontrol eder." parameterizedStepValue:"* Onayland\304\261 m\304\261 kontrol eder." > > 
23-08-2022 15:52:38.505 [Gauge] [DEBUG] Api Request Received: messageType:GetStepValueRequest messageId:4 stepValueRequest:<stepText:"\"5\" saniye bekle" > 
23-08-2022 15:52:38.506 [Gauge] [DEBUG] Sending API response: messageType:GetStepValueResponse messageId:4 stepValueResponse:<stepValue:<stepValue:"{} saniye bekle" parameterizedStepValue:"<5> saniye bekle" parameters:"5" > > 
23-08-2022 15:52:40.698 [Gauge] [DEBUG] Api Request Received: messageType:GetStepValueRequest messageId:4 stepValueRequest:<stepText:"\"6\" saniye bekle" > 
23-08-2022 15:52:40.698 [Gauge] [DEBUG] Sending API response: messageType:GetStepValueResponse messageId:4 stepValueResponse:<stepValue:<stepValue:"{} saniye bekle" parameterizedStepValue:"<6> saniye bekle" parameters:"6" > > 
23-08-2022 15:52:43.593 [Gauge] [DEBUG] Api Request Received: messageType:GetStepValueRequest messageId:4 stepValueRequest:<stepText:"\"10\" saniye bekle" > 
23-08-2022 15:52:43.594 [Gauge] [DEBUG] Sending API response: messageType:GetStepValueResponse messageId:4 stepValueResponse:<stepValue:<stepValue:"{} saniye bekle" parameterizedStepValue:"<10> saniye bekle" parameters:"10" > > 
23-08-2022 15:52:49.045 [Gauge] [INFO] Concept file added / modified: C:\Users\KorayCakir\IdeaProjects\VakifbankStajDenemeSenaryo\specs\final.cpt
23-08-2022 15:52:49.057 [Gauge] [INFO] Concept file added / modified: C:\Users\KorayCakir\IdeaProjects\VakifbankStajDenemeSenaryo\specs\final.cpt
23-08-2022 15:52:55.017 [Gauge] [INFO] Concept file added / modified: C:\Users\KorayCakir\IdeaProjects\VakifbankStajDenemeSenaryo\specs\final.cpt
23-08-2022 15:52:55.024 [Gauge] [INFO] Concept file added / modified: C:\Users\KorayCakir\IdeaProjects\VakifbankStajDenemeSenaryo\specs\final.cpt
23-08-2022 15:52:57.143 [Gauge] [INFO] Concept file added / modified: C:\Users\KorayCakir\IdeaProjects\VakifbankStajDenemeSenaryo\specs\final.cpt
23-08-2022 15:52:57.149 [Gauge] [INFO] Concept file added / modified: C:\Users\KorayCakir\IdeaProjects\VakifbankStajDenemeSenaryo\specs\final.cpt
23-08-2022 15:52:58.774 [Gauge] [INFO] Concept file added / modified: C:\Users\KorayCakir\IdeaProjects\VakifbankStajDenemeSenaryo\specs\final.cpt
23-08-2022 15:52:58.775 [Gauge] [INFO] Concept file added / modified: C:\Users\KorayCakir\IdeaProjects\VakifbankStajDenemeSenaryo\specs\final.cpt
23-08-2022 15:53:01.661 [Gauge] [INFO] Concept file added / modified: C:\Users\KorayCakir\IdeaProjects\VakifbankStajDenemeSenaryo\specs\final.cpt
23-08-2022 15:53:01.668 [Gauge] [INFO] Concept file added / modified: C:\Users\KorayCakir\IdeaProjects\VakifbankStajDenemeSenaryo\specs\final.cpt
23-08-2022 15:53:03.344 [Gauge] [INFO] Concept file added / modified: C:\Users\KorayCakir\IdeaProjects\VakifbankStajDenemeSenaryo\specs\final.cpt
23-08-2022 15:53:03.353 [Gauge] [INFO] Concept file added / modified: C:\Users\KorayCakir\IdeaProjects\VakifbankStajDenemeSenaryo\specs\final.cpt
23-08-2022 15:53:05.618 [Gauge] [INFO] Concept file added / modified: C:\Users\KorayCakir\IdeaProjects\VakifbankStajDenemeSenaryo\specs\final.cpt
23-08-2022 15:53:05.620 [Gauge] [INFO] Concept file added / modified: C:\Users\KorayCakir\IdeaProjects\VakifbankStajDenemeSenaryo\specs\final.cpt
23-08-2022 15:53:07.713 [Gauge] [INFO] Concept file added / modified: C:\Users\KorayCakir\IdeaProjects\VakifbankStajDenemeSenaryo\specs\final.cpt
23-08-2022 15:53:07.719 [Gauge] [INFO] Concept file added / modified: C:\Users\KorayCakir\IdeaProjects\VakifbankStajDenemeSenaryo\specs\final.cpt
23-08-2022 15:53:12.015 [Gauge] [INFO] Concept file added / modified: C:\Users\KorayCakir\IdeaProjects\VakifbankStajDenemeSenaryo\specs\final.cpt
23-08-2022 15:53:12.022 [Gauge] [INFO] Concept file added / modified: C:\Users\KorayCakir\IdeaProjects\VakifbankStajDenemeSenaryo\specs\final.cpt
23-08-2022 15:55:35.012 [Gauge] [DEBUG] Api Request Received: messageType:GetStepValueRequest messageId:4 stepValueRequest:<stepText:"* \"5\" saniye bekle" > 
23-08-2022 15:55:35.013 [Gauge] [DEBUG] Sending API response: messageType:GetStepValueResponse messageId:4 stepValueResponse:<stepValue:<stepValue:"* {} saniye bekle" parameterizedStepValue:"* <5> saniye bekle" parameters:"5" > > 
23-08-2022 15:55:35.013 [Gauge] [DEBUG] Api Request Received: messageType:GetStepValueRequest messageId:4 stepValueRequest:<stepText:"* \"6\" saniye bekle" > 
23-08-2022 15:55:35.013 [Gauge] [DEBUG] Sending API response: messageType:GetStepValueResponse messageId:4 stepValueResponse:<stepValue:<stepValue:"* {} saniye bekle" parameterizedStepValue:"* <6> saniye bekle" parameters:"6" > > 
23-08-2022 15:55:35.013 [Gauge] [DEBUG] Api Request Received: messageType:GetStepValueRequest messageId:4 stepValueRequest:<stepText:"* \"10\" saniye bekle" > 
23-08-2022 15:55:35.014 [Gauge] [DEBUG] Sending API response: messageType:GetStepValueResponse messageId:4 stepValueResponse:<stepValue:<stepValue:"* {} saniye bekle" parameterizedStepValue:"* <10> saniye bekle" parameters:"10" > > 
24-08-2022 09:13:23.248 [Gauge] [INFO] Watching directory: C:\Users\KorayCakir\IdeaProjects\VakifbankStajDenemeSenaryo\specs
24-08-2022 09:13:23.248 [Gauge] [DEBUG] Found 2 files
24-08-2022 09:13:23.271 [Gauge] [INFO] Initializing concepts cache with 1 concepts
24-08-2022 09:13:23.271 [Gauge] [DEBUG] Adding concepts from C:\Users\KorayCakir\IdeaProjects\VakifbankStajDenemeSenaryo\specs\final.cpt
24-08-2022 09:13:23.271 [Gauge] [INFO] Concept file added / modified: C:\Users\KorayCakir\IdeaProjects\VakifbankStajDenemeSenaryo\specs\final.cpt
